<?xml version="1.0" encoding="UTF-8"?>
<testsuite xmlns:xsi="http://www.w3.org/2001/XMLSchema-instance" xsi:noNamespaceSchemaLocation="https://maven.apache.org/surefire/maven-surefire-plugin/xsd/surefire-test-report.xsd" name="examples.users.runner.TestRunnerKarate" time="21.091" tests="1" errors="0" skipped="0" failures="1">
  <properties>
[...]
</properties>
  <testcase name="testParallel" classname="examples.users.runner.TestRunnerKarate" time="21.082">
    <failure message="status code was: 415, expected: 200, response time in milliseconds: 2149, url: https://anypoint.mulesoft.com/mocking/api/v1/sources/exchange/assets/fd604b43-365c-42e8-810f-733a2b7f411f/american-flights-api/2.0.1/m/flights?destination=SFO, response: &#10;{&quot;code&quot;:&quot;INVALID_RESPONSE_ACCEPT_HEADER&quot;,&quot;message&quot;:&quot;Error trying to find response for invalid media type&quot;}&#10;classpath:examples/users/test_cases/api/rest_Test_case_01.feature:13" type="java.lang.AssertionError">java.lang.AssertionError: 
status code was: 415, expected: 200, response time in milliseconds: 2149, url: https://anypoint.mulesoft.com/mocking/api/v1/sources/exchange/assets/fd604b43-365c-42e8-810f-733a2b7f411f/american-flights-api/2.0.1/m/flights?destination=SFO, response: 
{"code":"INVALID_RESPONSE_ACCEPT_HEADER","message":"Error trying to find response for invalid media type"}
classpath:examples/users/test_cases/api/rest_Test_case_01.feature:13
	at examples.users.runner.TestRunnerKarate.testParallel(TestRunnerKarate.java:22)
</failure>
    <system-out><![CDATA[17:11:49.556 [pool-1-thread-1] INFO  com.intuit.karate - karate.env system property was: null 
17:11:53.916 [pool-1-thread-1] ERROR com.intuit.karate - classpath:examples/users/test_cases/api/rest_Test_case_01.feature:13
Then status 200
status code was: 415, expected: 200, response time in milliseconds: 2149, url: https://anypoint.mulesoft.com/mocking/api/v1/sources/exchange/assets/fd604b43-365c-42e8-810f-733a2b7f411f/american-flights-api/2.0.1/m/flights?destination=SFO, response: 
{"code":"INVALID_RESPONSE_ACCEPT_HEADER","message":"Error trying to find response for invalid media type"}
classpath:examples/users/test_cases/api/rest_Test_case_01.feature:13
---------------------------------------------------------
feature: classpath:examples/users/test_cases/api/rest_Test_case_01.feature
scenarios:  1 | passed:  0 | failed:  1 | time: 4.1977
---------------------------------------------------------

17:11:56.691 [pool-2-thread-1] INFO  com.intuit.karate.Suite - <<fail>> feature 1 of 1 (0 remaining) classpath:examples/users/test_cases/api/rest_Test_case_01.feature
Karate version: 1.1.0
======================================================
elapsed:  17.86 | threads:  100 | thread time: 4.20 
features:     1 | skipped:    0 | efficiency: 0.00
scenarios:    1 | passed:     0 | failed: 1
======================================================
>>> failed features:
status code was: 415, expected: 200, response time in milliseconds: 2149, url: https://anypoint.mulesoft.com/mocking/api/v1/sources/exchange/assets/fd604b43-365c-42e8-810f-733a2b7f411f/american-flights-api/2.0.1/m/flights?destination=SFO, response: 
{"code":"INVALID_RESPONSE_ACCEPT_HEADER","message":"Error trying to find response for invalid media type"}
classpath:examples/users/test_cases/api/rest_Test_case_01.feature:13
<<<

HTML report: (paste into browser to view) | Karate version: 1.1.0
file:///C:/Users/tushar.khushal.lakhe/IdeaProjects/SmartAPIautomationframework/target/karate-reports/karate-summary.html
===================================================================

]]></system-out>
    <system-err><![CDATA[Jul 04, 2022 5:11:57 PM net.masterthought.cucumber.ReportParser parseJsonFiles
INFO: File 'C:\Users\tushar.khushal.lakhe\IdeaProjects\SmartAPIautomationframework\target\karate-reports\examples.users.test_cases.api.rest_Test_case_01.json' contains 1 features
]]></system-err>
  </testcase>
</testsuite>