<?xml version="1.0" encoding="UTF-8"?>
<testsuite xmlns:xsi="http://www.w3.org/2001/XMLSchema-instance" xsi:noNamespaceSchemaLocation="https://maven.apache.org/surefire/maven-surefire-plugin/xsd/surefire-test-report.xsd" name="examples.users.runner.TestRunnerKarate" time="17.366" tests="1" errors="0" skipped="0" failures="1">
  <properties>
[...]
</properties>
  <testcase name="testParallel" classname="examples.users.runner.TestRunnerKarate" time="17.357">
    <failure message="status code was: 401, expected: 201, response time in milliseconds: 1779, url: https://api-us-aws-uat2.takeda.com/uat/gca-investorsignup-api/v1/investor/signup, response: &#10;{&#10;  &quot;error&quot;: &quot;Invalid client id or secret&quot;&#10;}&#10;classpath:examples/users/test_cases/r_Test_case_01.feature:13" type="java.lang.AssertionError">java.lang.AssertionError: 
status code was: 401, expected: 201, response time in milliseconds: 1779, url: https://api-us-aws-uat2.takeda.com/uat/gca-investorsignup-api/v1/investor/signup, response: 
{
  "error": "Invalid client id or secret"
}
classpath:examples/users/test_cases/r_Test_case_01.feature:13
	at examples.users.runner.TestRunnerKarate.testParallel(TestRunnerKarate.java:22)
</failure>
    <system-out><![CDATA[14:06:40.152 [main] INFO com.intuit.karate.Suite - backed up existing 'target\karate-reports' dir to: target\karate-reports_1635755800147
14:06:40.397 [main] DEBUG com.intuit.karate.Suite - waiting for 4 features to complete
14:06:43.176 [pool-1-thread-4] DEBUG com.jayway.jsonpath.internal.path.CompiledPath - Evaluating path: $
14:06:43.176 [pool-1-thread-3] DEBUG com.jayway.jsonpath.internal.path.CompiledPath - Evaluating path: $
14:06:43.176 [pool-1-thread-1] DEBUG com.jayway.jsonpath.internal.path.CompiledPath - Evaluating path: $
14:06:43.176 [pool-1-thread-2] DEBUG com.jayway.jsonpath.internal.path.CompiledPath - Evaluating path: $
14:06:43.192 [pool-1-thread-1] DEBUG com.jayway.jsonpath.internal.path.CompiledPath - Evaluating path: $
14:06:43.192 [pool-1-thread-3] DEBUG com.jayway.jsonpath.internal.path.CompiledPath - Evaluating path: $
14:06:43.192 [pool-1-thread-3] DEBUG com.jayway.jsonpath.internal.path.CompiledPath - Evaluating path: $
14:06:43.472 [pool-1-thread-2] DEBUG karate.io.netty.util.internal.logging.InternalLoggerFactory - Using SLF4J as the default logging framework
14:06:43.472 [pool-1-thread-2] DEBUG karate.io.netty.util.internal.PlatformDependent - Platform: Windows
14:06:43.482 [pool-1-thread-2] DEBUG karate.io.netty.util.internal.PlatformDependent0 - -Dio.netty.noUnsafe: false
14:06:43.482 [pool-1-thread-2] DEBUG karate.io.netty.util.internal.PlatformDependent0 - Java version: 8
14:06:43.482 [pool-1-thread-2] DEBUG karate.io.netty.util.internal.PlatformDependent0 - sun.misc.Unsafe.theUnsafe: available
14:06:43.482 [pool-1-thread-2] DEBUG karate.io.netty.util.internal.PlatformDependent0 - sun.misc.Unsafe.copyMemory: available
14:06:43.482 [pool-1-thread-2] DEBUG karate.io.netty.util.internal.PlatformDependent0 - java.nio.Buffer.address: available
14:06:43.482 [pool-1-thread-2] DEBUG karate.io.netty.util.internal.PlatformDependent0 - direct buffer constructor: available
14:06:43.492 [pool-1-thread-2] DEBUG karate.io.netty.util.internal.PlatformDependent0 - java.nio.Bits.unaligned: available, true
14:06:43.492 [pool-1-thread-2] DEBUG karate.io.netty.util.internal.PlatformDependent0 - jdk.internal.misc.Unsafe.allocateUninitializedArray(int): unavailable prior to Java9
14:06:43.492 [pool-1-thread-2] DEBUG karate.io.netty.util.internal.PlatformDependent0 - java.nio.DirectByteBuffer.<init>(long, int): available
14:06:43.492 [pool-1-thread-2] DEBUG karate.io.netty.util.internal.PlatformDependent - sun.misc.Unsafe: available
14:06:43.492 [pool-1-thread-2] DEBUG karate.io.netty.util.internal.PlatformDependent - -Dio.netty.tmpdir: C:\Users\TUSHAR~1.LAK\AppData\Local\Temp (java.io.tmpdir)
14:06:43.492 [pool-1-thread-2] DEBUG karate.io.netty.util.internal.PlatformDependent - -Dio.netty.bitMode: 64 (sun.arch.data.model)
14:06:43.497 [pool-1-thread-2] DEBUG karate.io.netty.util.internal.PlatformDependent - -Dio.netty.maxDirectMemory: 1879048192 bytes
14:06:43.497 [pool-1-thread-2] DEBUG karate.io.netty.util.internal.PlatformDependent - -Dio.netty.uninitializedArrayAllocationThreshold: -1
14:06:43.497 [pool-1-thread-2] DEBUG karate.io.netty.util.internal.CleanerJava6 - java.nio.ByteBuffer.cleaner(): available
14:06:43.497 [pool-1-thread-2] DEBUG karate.io.netty.util.internal.PlatformDependent - -Dio.netty.noPreferDirect: false
14:06:43.562 [pool-1-thread-4] DEBUG karate.io.netty.util.ResourceLeakDetector - -Dkarate.io.netty.leakDetection.level: simple
14:06:43.562 [pool-1-thread-4] DEBUG karate.io.netty.util.ResourceLeakDetector - -Dkarate.io.netty.leakDetection.targetRecords: 4
14:06:43.597 [pool-1-thread-4] DEBUG karate.io.netty.buffer.AbstractByteBuf - -Dkarate.io.netty.buffer.checkAccessible: true
14:06:43.597 [pool-1-thread-4] DEBUG karate.io.netty.buffer.AbstractByteBuf - -Dkarate.io.netty.buffer.checkBounds: true
14:06:43.602 [pool-1-thread-4] DEBUG karate.io.netty.util.ResourceLeakDetectorFactory - Loaded default ResourceLeakDetector: karate.io.netty.util.ResourceLeakDetector@59c1b2be
14:06:43.672 [pool-1-thread-4] DEBUG karate.io.netty.util.internal.InternalThreadLocalMap - -Dio.netty.threadLocalMap.stringBuilder.initialSize: 1024
14:06:43.677 [pool-1-thread-4] DEBUG karate.io.netty.util.internal.InternalThreadLocalMap - -Dio.netty.threadLocalMap.stringBuilder.maxSize: 4096
14:06:43.697 [pool-1-thread-4] DEBUG karate.io.netty.buffer.PooledByteBufAllocator - -Dio.netty.allocator.numHeapArenas: 16
14:06:43.697 [pool-1-thread-4] DEBUG karate.io.netty.buffer.PooledByteBufAllocator - -Dio.netty.allocator.numDirectArenas: 16
14:06:43.697 [pool-1-thread-4] DEBUG karate.io.netty.buffer.PooledByteBufAllocator - -Dio.netty.allocator.pageSize: 8192
14:06:43.698 [pool-1-thread-4] DEBUG karate.io.netty.buffer.PooledByteBufAllocator - -Dio.netty.allocator.maxOrder: 11
14:06:43.698 [pool-1-thread-4] DEBUG karate.io.netty.buffer.PooledByteBufAllocator - -Dio.netty.allocator.chunkSize: 16777216
14:06:43.698 [pool-1-thread-4] DEBUG karate.io.netty.buffer.PooledByteBufAllocator - -Dio.netty.allocator.smallCacheSize: 256
14:06:43.698 [pool-1-thread-4] DEBUG karate.io.netty.buffer.PooledByteBufAllocator - -Dio.netty.allocator.normalCacheSize: 64
14:06:43.698 [pool-1-thread-4] DEBUG karate.io.netty.buffer.PooledByteBufAllocator - -Dio.netty.allocator.maxCachedBufferCapacity: 32768
14:06:43.698 [pool-1-thread-4] DEBUG karate.io.netty.buffer.PooledByteBufAllocator - -Dio.netty.allocator.cacheTrimInterval: 8192
14:06:43.698 [pool-1-thread-4] DEBUG karate.io.netty.buffer.PooledByteBufAllocator - -Dio.netty.allocator.cacheTrimIntervalMillis: 0
14:06:43.698 [pool-1-thread-4] DEBUG karate.io.netty.buffer.PooledByteBufAllocator - -Dio.netty.allocator.useCacheForAllThreads: true
14:06:43.698 [pool-1-thread-4] DEBUG karate.io.netty.buffer.PooledByteBufAllocator - -Dio.netty.allocator.maxCachedByteBuffersPerChunk: 1023
14:06:43.724 [pool-1-thread-4] DEBUG karate.io.netty.buffer.ByteBufUtil - -Dio.netty.allocator.type: pooled
14:06:43.724 [pool-1-thread-4] DEBUG karate.io.netty.buffer.ByteBufUtil - -Dio.netty.threadLocalDirectBufferSize: 0
14:06:43.724 [pool-1-thread-4] DEBUG karate.io.netty.buffer.ByteBufUtil - -Dio.netty.maxThreadLocalCharBufferSize: 16384
14:06:44.982 [pool-1-thread-3] DEBUG karate.org.apache.http.client.protocol.RequestAddCookies - CookieSpec selected: karate
14:06:44.982 [pool-1-thread-2] DEBUG karate.org.apache.http.client.protocol.RequestAddCookies - CookieSpec selected: karate
14:06:44.982 [pool-1-thread-1] DEBUG karate.org.apache.http.client.protocol.RequestAddCookies - CookieSpec selected: karate
14:06:44.982 [pool-1-thread-4] DEBUG karate.org.apache.http.client.protocol.RequestAddCookies - CookieSpec selected: karate
14:06:45.007 [pool-1-thread-3] DEBUG karate.org.apache.http.client.protocol.RequestAuthCache - Auth cache not set in the context
14:06:45.007 [pool-1-thread-1] DEBUG karate.org.apache.http.client.protocol.RequestAuthCache - Auth cache not set in the context
14:06:45.007 [pool-1-thread-2] DEBUG karate.org.apache.http.client.protocol.RequestAuthCache - Auth cache not set in the context
14:06:45.007 [pool-1-thread-4] DEBUG karate.org.apache.http.client.protocol.RequestAuthCache - Auth cache not set in the context
14:06:45.012 [pool-1-thread-1] DEBUG com.intuit.karate - request:
1 > POST https://api-us-aws-uat2.takeda.com/uat/gca-investorsignup-api/v1/investor/signup
1 > Content-Type: application/json; charset=UTF-8
1 > Content-Length: 316
1 > Host: api-us-aws-uat2.takeda.com
1 > Connection: Keep-Alive
1 > User-Agent: Apache-HttpClient/4.5.13 (Java/1.8.0_301)
1 > Accept-Encoding: gzip,deflate
{"id":"e3be2fba15a2452cb28bf1b08bd7","emailAddress":"pratyush.gupta@takeda.com","firstName":"Suzuki","lastName":"Snow","typeRetail":false,"typeInstitutional":false,"typeOther":false,"typeMedia":true,"company":"NetStreet","prefPressRelease":false,"prefQE":false,"prefEvents":false,"prefStories":false,"language":"JP"}

14:06:45.012 [pool-1-thread-4] DEBUG com.intuit.karate - request:
1 > POST https://oauth.brightcove.com/v4/access_token
1 > Content-Type: application/x-www-form-urlencoded
1 > Content-Length: 226
1 > Host: oauth.brightcove.com
1 > Connection: Keep-Alive
1 > User-Agent: Apache-HttpClient/4.5.13 (Java/1.8.0_301)
1 > Accept-Encoding: gzip,deflate
client_id=d8a3a7b4-5af1-43fe-ab09-c634dd7f10fd&client_secret=v3O3D7hUf6xShy5ondA9Pf2LKwqVA5Jem2KcBQNh8MZT9gHBZXT_4skoXHIheAF5nDudmNYaODV5soLP9fixRQ&Content-Type=application%2Fx-www-form-urlencoded&grant_type=client_credentials

14:06:45.012 [pool-1-thread-2] DEBUG com.intuit.karate - request:
1 > POST https://oauth.brightcove.com/v4/access_token
1 > Content-Type: application/x-www-form-urlencoded
1 > Content-Length: 226
1 > Host: oauth.brightcove.com
1 > Connection: Keep-Alive
1 > User-Agent: Apache-HttpClient/4.5.13 (Java/1.8.0_301)
1 > Accept-Encoding: gzip,deflate
client_id=d8a3a7b4-5af1-43fe-ab09-c634dd7f10fd&client_secret=v3O3D7hUf6xShy5ondA9Pf2LKwqVA5Jem2KcBQNh8MZT9gHBZXT_4skoXHIheAF5nDudmNYaODV5soLP9fixRQ&Content-Type=application%2Fx-www-form-urlencoded&grant_type=client_credentials

14:06:45.012 [pool-1-thread-3] DEBUG com.intuit.karate - request:
1 > POST https://api-us-aws-uat2.takeda.com/uat/gca-investorsignup-api/v1/investor/signup
1 > client_id: 6fbe28135b1c4e10a0b10dccb21889f3
1 > client_secret: 7a35C5150CE7404CAeF0492274024ef8
1 > Content-Type: application/json; charset=UTF-8
1 > Content-Length: 316
1 > Host: api-us-aws-uat2.takeda.com
1 > Connection: Keep-Alive
1 > User-Agent: Apache-HttpClient/4.5.13 (Java/1.8.0_301)
1 > Accept-Encoding: gzip,deflate
{"id":"e3be2fba15a2452cb28bf1b08bd7","emailAddress":"pratyush.gupta@takeda.com","firstName":"Suzuki","lastName":"Snow","typeRetail":false,"typeInstitutional":false,"typeOther":false,"typeMedia":true,"company":"NetStreet","prefPressRelease":false,"prefQE":false,"prefEvents":false,"prefStories":false,"language":"JP"}

14:06:45.017 [pool-1-thread-2] DEBUG karate.org.apache.http.impl.conn.PoolingHttpClientConnectionManager - Connection request: [route: {s}->https://oauth.brightcove.com:443][total available: 0; route allocated: 0 of 5; total allocated: 0 of 10]
14:06:45.017 [pool-1-thread-4] DEBUG karate.org.apache.http.impl.conn.PoolingHttpClientConnectionManager - Connection request: [route: {s}->https://oauth.brightcove.com:443][total available: 0; route allocated: 0 of 5; total allocated: 0 of 10]
14:06:45.017 [pool-1-thread-3] DEBUG karate.org.apache.http.impl.conn.PoolingHttpClientConnectionManager - Connection request: [route: {s}->https://api-us-aws-uat2.takeda.com:443][total available: 0; route allocated: 0 of 5; total allocated: 0 of 10]
14:06:45.017 [pool-1-thread-1] DEBUG karate.org.apache.http.impl.conn.PoolingHttpClientConnectionManager - Connection request: [route: {s}->https://api-us-aws-uat2.takeda.com:443][total available: 0; route allocated: 0 of 5; total allocated: 0 of 10]
14:06:45.042 [pool-1-thread-4] DEBUG karate.org.apache.http.impl.conn.PoolingHttpClientConnectionManager - Connection leased: [id: 0][route: {s}->https://oauth.brightcove.com:443][total available: 0; route allocated: 1 of 5; total allocated: 1 of 10]
14:06:45.042 [pool-1-thread-3] DEBUG karate.org.apache.http.impl.conn.PoolingHttpClientConnectionManager - Connection leased: [id: 2][route: {s}->https://api-us-aws-uat2.takeda.com:443][total available: 0; route allocated: 1 of 5; total allocated: 1 of 10]
14:06:45.042 [pool-1-thread-1] DEBUG karate.org.apache.http.impl.conn.PoolingHttpClientConnectionManager - Connection leased: [id: 3][route: {s}->https://api-us-aws-uat2.takeda.com:443][total available: 0; route allocated: 1 of 5; total allocated: 1 of 10]
14:06:45.042 [pool-1-thread-2] DEBUG karate.org.apache.http.impl.conn.PoolingHttpClientConnectionManager - Connection leased: [id: 1][route: {s}->https://oauth.brightcove.com:443][total available: 0; route allocated: 1 of 5; total allocated: 1 of 10]
14:06:45.053 [pool-1-thread-1] DEBUG karate.org.apache.http.impl.execchain.MainClientExec - Opening connection {s}->https://api-us-aws-uat2.takeda.com:443
14:06:45.053 [pool-1-thread-4] DEBUG karate.org.apache.http.impl.execchain.MainClientExec - Opening connection {s}->https://oauth.brightcove.com:443
14:06:45.053 [pool-1-thread-3] DEBUG karate.org.apache.http.impl.execchain.MainClientExec - Opening connection {s}->https://api-us-aws-uat2.takeda.com:443
14:06:45.053 [pool-1-thread-2] DEBUG karate.org.apache.http.impl.execchain.MainClientExec - Opening connection {s}->https://oauth.brightcove.com:443
14:06:45.284 [pool-1-thread-1] DEBUG karate.org.apache.http.impl.conn.DefaultHttpClientConnectionOperator - Connecting to api-us-aws-uat2.takeda.com/54.162.97.227:443
14:06:45.284 [pool-1-thread-2] DEBUG karate.org.apache.http.impl.conn.DefaultHttpClientConnectionOperator - Connecting to oauth.brightcove.com/54.210.209.120:443
14:06:45.284 [pool-1-thread-4] DEBUG karate.org.apache.http.impl.conn.DefaultHttpClientConnectionOperator - Connecting to oauth.brightcove.com/54.210.209.120:443
14:06:45.284 [pool-1-thread-3] DEBUG karate.org.apache.http.impl.conn.DefaultHttpClientConnectionOperator - Connecting to api-us-aws-uat2.takeda.com/54.162.97.227:443
14:06:45.284 [pool-1-thread-4] DEBUG karate.org.apache.http.conn.ssl.SSLConnectionSocketFactory - Connecting socket to oauth.brightcove.com/54.210.209.120:443 with timeout 30000
14:06:45.284 [pool-1-thread-1] DEBUG karate.org.apache.http.conn.ssl.SSLConnectionSocketFactory - Connecting socket to api-us-aws-uat2.takeda.com/54.162.97.227:443 with timeout 30000
14:06:45.284 [pool-1-thread-2] DEBUG karate.org.apache.http.conn.ssl.SSLConnectionSocketFactory - Connecting socket to oauth.brightcove.com/54.210.209.120:443 with timeout 30000
14:06:45.284 [pool-1-thread-3] DEBUG karate.org.apache.http.conn.ssl.SSLConnectionSocketFactory - Connecting socket to api-us-aws-uat2.takeda.com/54.162.97.227:443 with timeout 30000
14:06:45.552 [pool-1-thread-3] DEBUG karate.org.apache.http.conn.ssl.SSLConnectionSocketFactory - Enabled protocols: [TLSv1.2]
14:06:45.552 [pool-1-thread-4] DEBUG karate.org.apache.http.conn.ssl.SSLConnectionSocketFactory - Enabled protocols: [TLSv1.2]
14:06:45.552 [pool-1-thread-3] DEBUG karate.org.apache.http.conn.ssl.SSLConnectionSocketFactory - Enabled cipher suites:[TLS_ECDHE_ECDSA_WITH_AES_256_GCM_SHA384, TLS_ECDHE_ECDSA_WITH_AES_128_GCM_SHA256, TLS_ECDHE_RSA_WITH_AES_256_GCM_SHA384, TLS_RSA_WITH_AES_256_GCM_SHA384, TLS_ECDH_ECDSA_WITH_AES_256_GCM_SHA384, TLS_ECDH_RSA_WITH_AES_256_GCM_SHA384, TLS_DHE_RSA_WITH_AES_256_GCM_SHA384, TLS_DHE_DSS_WITH_AES_256_GCM_SHA384, TLS_ECDHE_RSA_WITH_AES_128_GCM_SHA256, TLS_RSA_WITH_AES_128_GCM_SHA256, TLS_ECDH_ECDSA_WITH_AES_128_GCM_SHA256, TLS_ECDH_RSA_WITH_AES_128_GCM_SHA256, TLS_DHE_RSA_WITH_AES_128_GCM_SHA256, TLS_DHE_DSS_WITH_AES_128_GCM_SHA256, TLS_ECDHE_ECDSA_WITH_AES_256_CBC_SHA384, TLS_ECDHE_RSA_WITH_AES_256_CBC_SHA384, TLS_RSA_WITH_AES_256_CBC_SHA256, TLS_ECDH_ECDSA_WITH_AES_256_CBC_SHA384, TLS_ECDH_RSA_WITH_AES_256_CBC_SHA384, TLS_DHE_RSA_WITH_AES_256_CBC_SHA256, TLS_DHE_DSS_WITH_AES_256_CBC_SHA256, TLS_ECDHE_ECDSA_WITH_AES_256_CBC_SHA, TLS_ECDHE_RSA_WITH_AES_256_CBC_SHA, TLS_RSA_WITH_AES_256_CBC_SHA, TLS_ECDH_ECDSA_WITH_AES_256_CBC_SHA, TLS_ECDH_RSA_WITH_AES_256_CBC_SHA, TLS_DHE_RSA_WITH_AES_256_CBC_SHA, TLS_DHE_DSS_WITH_AES_256_CBC_SHA, TLS_ECDHE_ECDSA_WITH_AES_128_CBC_SHA256, TLS_ECDHE_RSA_WITH_AES_128_CBC_SHA256, TLS_RSA_WITH_AES_128_CBC_SHA256, TLS_ECDH_ECDSA_WITH_AES_128_CBC_SHA256, TLS_ECDH_RSA_WITH_AES_128_CBC_SHA256, TLS_DHE_RSA_WITH_AES_128_CBC_SHA256, TLS_DHE_DSS_WITH_AES_128_CBC_SHA256, TLS_ECDHE_ECDSA_WITH_AES_128_CBC_SHA, TLS_ECDHE_RSA_WITH_AES_128_CBC_SHA, TLS_RSA_WITH_AES_128_CBC_SHA, TLS_ECDH_ECDSA_WITH_AES_128_CBC_SHA, TLS_ECDH_RSA_WITH_AES_128_CBC_SHA, TLS_DHE_RSA_WITH_AES_128_CBC_SHA, TLS_DHE_DSS_WITH_AES_128_CBC_SHA, TLS_EMPTY_RENEGOTIATION_INFO_SCSV]
14:06:45.552 [pool-1-thread-3] DEBUG karate.org.apache.http.conn.ssl.SSLConnectionSocketFactory - Starting handshake
14:06:45.552 [pool-1-thread-1] DEBUG karate.org.apache.http.conn.ssl.SSLConnectionSocketFactory - Enabled protocols: [TLSv1.2]
14:06:45.552 [pool-1-thread-4] DEBUG karate.org.apache.http.conn.ssl.SSLConnectionSocketFactory - Enabled cipher suites:[TLS_ECDHE_ECDSA_WITH_AES_256_GCM_SHA384, TLS_ECDHE_ECDSA_WITH_AES_128_GCM_SHA256, TLS_ECDHE_RSA_WITH_AES_256_GCM_SHA384, TLS_RSA_WITH_AES_256_GCM_SHA384, TLS_ECDH_ECDSA_WITH_AES_256_GCM_SHA384, TLS_ECDH_RSA_WITH_AES_256_GCM_SHA384, TLS_DHE_RSA_WITH_AES_256_GCM_SHA384, TLS_DHE_DSS_WITH_AES_256_GCM_SHA384, TLS_ECDHE_RSA_WITH_AES_128_GCM_SHA256, TLS_RSA_WITH_AES_128_GCM_SHA256, TLS_ECDH_ECDSA_WITH_AES_128_GCM_SHA256, TLS_ECDH_RSA_WITH_AES_128_GCM_SHA256, TLS_DHE_RSA_WITH_AES_128_GCM_SHA256, TLS_DHE_DSS_WITH_AES_128_GCM_SHA256, TLS_ECDHE_ECDSA_WITH_AES_256_CBC_SHA384, TLS_ECDHE_RSA_WITH_AES_256_CBC_SHA384, TLS_RSA_WITH_AES_256_CBC_SHA256, TLS_ECDH_ECDSA_WITH_AES_256_CBC_SHA384, TLS_ECDH_RSA_WITH_AES_256_CBC_SHA384, TLS_DHE_RSA_WITH_AES_256_CBC_SHA256, TLS_DHE_DSS_WITH_AES_256_CBC_SHA256, TLS_ECDHE_ECDSA_WITH_AES_256_CBC_SHA, TLS_ECDHE_RSA_WITH_AES_256_CBC_SHA, TLS_RSA_WITH_AES_256_CBC_SHA, TLS_ECDH_ECDSA_WITH_AES_256_CBC_SHA, TLS_ECDH_RSA_WITH_AES_256_CBC_SHA, TLS_DHE_RSA_WITH_AES_256_CBC_SHA, TLS_DHE_DSS_WITH_AES_256_CBC_SHA, TLS_ECDHE_ECDSA_WITH_AES_128_CBC_SHA256, TLS_ECDHE_RSA_WITH_AES_128_CBC_SHA256, TLS_RSA_WITH_AES_128_CBC_SHA256, TLS_ECDH_ECDSA_WITH_AES_128_CBC_SHA256, TLS_ECDH_RSA_WITH_AES_128_CBC_SHA256, TLS_DHE_RSA_WITH_AES_128_CBC_SHA256, TLS_DHE_DSS_WITH_AES_128_CBC_SHA256, TLS_ECDHE_ECDSA_WITH_AES_128_CBC_SHA, TLS_ECDHE_RSA_WITH_AES_128_CBC_SHA, TLS_RSA_WITH_AES_128_CBC_SHA, TLS_ECDH_ECDSA_WITH_AES_128_CBC_SHA, TLS_ECDH_RSA_WITH_AES_128_CBC_SHA, TLS_DHE_RSA_WITH_AES_128_CBC_SHA, TLS_DHE_DSS_WITH_AES_128_CBC_SHA, TLS_EMPTY_RENEGOTIATION_INFO_SCSV]
14:06:45.554 [pool-1-thread-4] DEBUG karate.org.apache.http.conn.ssl.SSLConnectionSocketFactory - Starting handshake
14:06:45.554 [pool-1-thread-1] DEBUG karate.org.apache.http.conn.ssl.SSLConnectionSocketFactory - Enabled cipher suites:[TLS_ECDHE_ECDSA_WITH_AES_256_GCM_SHA384, TLS_ECDHE_ECDSA_WITH_AES_128_GCM_SHA256, TLS_ECDHE_RSA_WITH_AES_256_GCM_SHA384, TLS_RSA_WITH_AES_256_GCM_SHA384, TLS_ECDH_ECDSA_WITH_AES_256_GCM_SHA384, TLS_ECDH_RSA_WITH_AES_256_GCM_SHA384, TLS_DHE_RSA_WITH_AES_256_GCM_SHA384, TLS_DHE_DSS_WITH_AES_256_GCM_SHA384, TLS_ECDHE_RSA_WITH_AES_128_GCM_SHA256, TLS_RSA_WITH_AES_128_GCM_SHA256, TLS_ECDH_ECDSA_WITH_AES_128_GCM_SHA256, TLS_ECDH_RSA_WITH_AES_128_GCM_SHA256, TLS_DHE_RSA_WITH_AES_128_GCM_SHA256, TLS_DHE_DSS_WITH_AES_128_GCM_SHA256, TLS_ECDHE_ECDSA_WITH_AES_256_CBC_SHA384, TLS_ECDHE_RSA_WITH_AES_256_CBC_SHA384, TLS_RSA_WITH_AES_256_CBC_SHA256, TLS_ECDH_ECDSA_WITH_AES_256_CBC_SHA384, TLS_ECDH_RSA_WITH_AES_256_CBC_SHA384, TLS_DHE_RSA_WITH_AES_256_CBC_SHA256, TLS_DHE_DSS_WITH_AES_256_CBC_SHA256, TLS_ECDHE_ECDSA_WITH_AES_256_CBC_SHA, TLS_ECDHE_RSA_WITH_AES_256_CBC_SHA, TLS_RSA_WITH_AES_256_CBC_SHA, TLS_ECDH_ECDSA_WITH_AES_256_CBC_SHA, TLS_ECDH_RSA_WITH_AES_256_CBC_SHA, TLS_DHE_RSA_WITH_AES_256_CBC_SHA, TLS_DHE_DSS_WITH_AES_256_CBC_SHA, TLS_ECDHE_ECDSA_WITH_AES_128_CBC_SHA256, TLS_ECDHE_RSA_WITH_AES_128_CBC_SHA256, TLS_RSA_WITH_AES_128_CBC_SHA256, TLS_ECDH_ECDSA_WITH_AES_128_CBC_SHA256, TLS_ECDH_RSA_WITH_AES_128_CBC_SHA256, TLS_DHE_RSA_WITH_AES_128_CBC_SHA256, TLS_DHE_DSS_WITH_AES_128_CBC_SHA256, TLS_ECDHE_ECDSA_WITH_AES_128_CBC_SHA, TLS_ECDHE_RSA_WITH_AES_128_CBC_SHA, TLS_RSA_WITH_AES_128_CBC_SHA, TLS_ECDH_ECDSA_WITH_AES_128_CBC_SHA, TLS_ECDH_RSA_WITH_AES_128_CBC_SHA, TLS_DHE_RSA_WITH_AES_128_CBC_SHA, TLS_DHE_DSS_WITH_AES_128_CBC_SHA, TLS_EMPTY_RENEGOTIATION_INFO_SCSV]
14:06:45.554 [pool-1-thread-1] DEBUG karate.org.apache.http.conn.ssl.SSLConnectionSocketFactory - Starting handshake
14:06:45.554 [pool-1-thread-2] DEBUG karate.org.apache.http.conn.ssl.SSLConnectionSocketFactory - Enabled protocols: [TLSv1.2]
14:06:45.554 [pool-1-thread-2] DEBUG karate.org.apache.http.conn.ssl.SSLConnectionSocketFactory - Enabled cipher suites:[TLS_ECDHE_ECDSA_WITH_AES_256_GCM_SHA384, TLS_ECDHE_ECDSA_WITH_AES_128_GCM_SHA256, TLS_ECDHE_RSA_WITH_AES_256_GCM_SHA384, TLS_RSA_WITH_AES_256_GCM_SHA384, TLS_ECDH_ECDSA_WITH_AES_256_GCM_SHA384, TLS_ECDH_RSA_WITH_AES_256_GCM_SHA384, TLS_DHE_RSA_WITH_AES_256_GCM_SHA384, TLS_DHE_DSS_WITH_AES_256_GCM_SHA384, TLS_ECDHE_RSA_WITH_AES_128_GCM_SHA256, TLS_RSA_WITH_AES_128_GCM_SHA256, TLS_ECDH_ECDSA_WITH_AES_128_GCM_SHA256, TLS_ECDH_RSA_WITH_AES_128_GCM_SHA256, TLS_DHE_RSA_WITH_AES_128_GCM_SHA256, TLS_DHE_DSS_WITH_AES_128_GCM_SHA256, TLS_ECDHE_ECDSA_WITH_AES_256_CBC_SHA384, TLS_ECDHE_RSA_WITH_AES_256_CBC_SHA384, TLS_RSA_WITH_AES_256_CBC_SHA256, TLS_ECDH_ECDSA_WITH_AES_256_CBC_SHA384, TLS_ECDH_RSA_WITH_AES_256_CBC_SHA384, TLS_DHE_RSA_WITH_AES_256_CBC_SHA256, TLS_DHE_DSS_WITH_AES_256_CBC_SHA256, TLS_ECDHE_ECDSA_WITH_AES_256_CBC_SHA, TLS_ECDHE_RSA_WITH_AES_256_CBC_SHA, TLS_RSA_WITH_AES_256_CBC_SHA, TLS_ECDH_ECDSA_WITH_AES_256_CBC_SHA, TLS_ECDH_RSA_WITH_AES_256_CBC_SHA, TLS_DHE_RSA_WITH_AES_256_CBC_SHA, TLS_DHE_DSS_WITH_AES_256_CBC_SHA, TLS_ECDHE_ECDSA_WITH_AES_128_CBC_SHA256, TLS_ECDHE_RSA_WITH_AES_128_CBC_SHA256, TLS_RSA_WITH_AES_128_CBC_SHA256, TLS_ECDH_ECDSA_WITH_AES_128_CBC_SHA256, TLS_ECDH_RSA_WITH_AES_128_CBC_SHA256, TLS_DHE_RSA_WITH_AES_128_CBC_SHA256, TLS_DHE_DSS_WITH_AES_128_CBC_SHA256, TLS_ECDHE_ECDSA_WITH_AES_128_CBC_SHA, TLS_ECDHE_RSA_WITH_AES_128_CBC_SHA, TLS_RSA_WITH_AES_128_CBC_SHA, TLS_ECDH_ECDSA_WITH_AES_128_CBC_SHA, TLS_ECDH_RSA_WITH_AES_128_CBC_SHA, TLS_DHE_RSA_WITH_AES_128_CBC_SHA, TLS_DHE_DSS_WITH_AES_128_CBC_SHA, TLS_EMPTY_RENEGOTIATION_INFO_SCSV]
14:06:45.554 [pool-1-thread-2] DEBUG karate.org.apache.http.conn.ssl.SSLConnectionSocketFactory - Starting handshake
14:06:46.345 [pool-1-thread-2] DEBUG karate.org.apache.http.conn.ssl.SSLConnectionSocketFactory - Secure session established
14:06:46.345 [pool-1-thread-2] DEBUG karate.org.apache.http.conn.ssl.SSLConnectionSocketFactory -  negotiated protocol: TLSv1.2
14:06:46.345 [pool-1-thread-2] DEBUG karate.org.apache.http.conn.ssl.SSLConnectionSocketFactory -  negotiated cipher suite: TLS_ECDHE_RSA_WITH_AES_128_GCM_SHA256
14:06:46.346 [pool-1-thread-2] DEBUG karate.org.apache.http.conn.ssl.SSLConnectionSocketFactory -  peer principal: CN=*.brightcove.com
14:06:46.346 [pool-1-thread-2] DEBUG karate.org.apache.http.conn.ssl.SSLConnectionSocketFactory -  peer alternative names: [*.brightcove.com]
14:06:46.346 [pool-1-thread-2] DEBUG karate.org.apache.http.conn.ssl.SSLConnectionSocketFactory -  issuer principal: CN=Amazon, OU=Server CA 1B, O=Amazon, C=US
14:06:46.351 [pool-1-thread-3] DEBUG karate.org.apache.http.conn.ssl.SSLConnectionSocketFactory - Secure session established
14:06:46.351 [pool-1-thread-3] DEBUG karate.org.apache.http.conn.ssl.SSLConnectionSocketFactory -  negotiated protocol: TLSv1.2
14:06:46.351 [pool-1-thread-3] DEBUG karate.org.apache.http.conn.ssl.SSLConnectionSocketFactory -  negotiated cipher suite: TLS_ECDHE_RSA_WITH_AES_128_GCM_SHA256
14:06:46.351 [pool-1-thread-3] DEBUG karate.org.apache.http.conn.ssl.SSLConnectionSocketFactory -  peer principal: CN=api-us.takeda.com, OU=Domain Control Validated
14:06:46.352 [pool-1-thread-3] DEBUG karate.org.apache.http.conn.ssl.SSLConnectionSocketFactory -  peer alternative names: [api-us.takeda.com, www.api-us.takeda.com, api-us-aws-uat.takeda.com, api-us-aws2.takeda.com, api-us-aws-dev2.takeda.com, api-us-aws.takeda.com, api-us-aws-uat2.takeda.com, api-apac-np.takeda.com, api-us-np.takeda.com, api-apac.takeda.com, api-eu.takeda.com, api-eu-np.takeda.com, api-us-aws-dev.takeda.com]
14:06:46.352 [pool-1-thread-3] DEBUG karate.org.apache.http.conn.ssl.SSLConnectionSocketFactory -  issuer principal: CN=Go Daddy Secure Certificate Authority - G2, OU=http://certs.godaddy.com/repository/, O="GoDaddy.com, Inc.", L=Scottsdale, ST=Arizona, C=US
14:06:46.363 [pool-1-thread-1] DEBUG karate.org.apache.http.conn.ssl.SSLConnectionSocketFactory - Secure session established
14:06:46.363 [pool-1-thread-4] DEBUG karate.org.apache.http.conn.ssl.SSLConnectionSocketFactory - Secure session established
14:06:46.363 [pool-1-thread-1] DEBUG karate.org.apache.http.conn.ssl.SSLConnectionSocketFactory -  negotiated protocol: TLSv1.2
14:06:46.363 [pool-1-thread-4] DEBUG karate.org.apache.http.conn.ssl.SSLConnectionSocketFactory -  negotiated protocol: TLSv1.2
14:06:46.363 [pool-1-thread-1] DEBUG karate.org.apache.http.conn.ssl.SSLConnectionSocketFactory -  negotiated cipher suite: TLS_ECDHE_RSA_WITH_AES_128_GCM_SHA256
14:06:46.363 [pool-1-thread-4] DEBUG karate.org.apache.http.conn.ssl.SSLConnectionSocketFactory -  negotiated cipher suite: TLS_ECDHE_RSA_WITH_AES_128_GCM_SHA256
14:06:46.363 [pool-1-thread-4] DEBUG karate.org.apache.http.conn.ssl.SSLConnectionSocketFactory -  peer principal: CN=*.brightcove.com
14:06:46.363 [pool-1-thread-1] DEBUG karate.org.apache.http.conn.ssl.SSLConnectionSocketFactory -  peer principal: CN=api-us.takeda.com, OU=Domain Control Validated
14:06:46.363 [pool-1-thread-4] DEBUG karate.org.apache.http.conn.ssl.SSLConnectionSocketFactory -  peer alternative names: [*.brightcove.com]
14:06:46.363 [pool-1-thread-1] DEBUG karate.org.apache.http.conn.ssl.SSLConnectionSocketFactory -  peer alternative names: [api-us.takeda.com, www.api-us.takeda.com, api-us-aws-uat.takeda.com, api-us-aws2.takeda.com, api-us-aws-dev2.takeda.com, api-us-aws.takeda.com, api-us-aws-uat2.takeda.com, api-apac-np.takeda.com, api-us-np.takeda.com, api-apac.takeda.com, api-eu.takeda.com, api-eu-np.takeda.com, api-us-aws-dev.takeda.com]
14:06:46.363 [pool-1-thread-4] DEBUG karate.org.apache.http.conn.ssl.SSLConnectionSocketFactory -  issuer principal: CN=Amazon, OU=Server CA 1B, O=Amazon, C=US
14:06:46.363 [pool-1-thread-1] DEBUG karate.org.apache.http.conn.ssl.SSLConnectionSocketFactory -  issuer principal: CN=Go Daddy Secure Certificate Authority - G2, OU=http://certs.godaddy.com/repository/, O="GoDaddy.com, Inc.", L=Scottsdale, ST=Arizona, C=US
14:06:46.481 [pool-1-thread-2] DEBUG karate.org.apache.http.impl.conn.DefaultHttpClientConnectionOperator - Connection established 192.168.1.3:59854<->54.210.209.120:443
14:06:46.481 [pool-1-thread-2] DEBUG karate.org.apache.http.impl.conn.DefaultManagedHttpClientConnection - http-outgoing-1: set socket timeout to 30000
14:06:46.481 [pool-1-thread-2] DEBUG karate.org.apache.http.impl.execchain.MainClientExec - Executing request POST /v4/access_token HTTP/1.1
14:06:46.481 [pool-1-thread-2] DEBUG karate.org.apache.http.impl.execchain.MainClientExec - Target auth state: UNCHALLENGED
14:06:46.482 [pool-1-thread-1] DEBUG karate.org.apache.http.impl.conn.DefaultHttpClientConnectionOperator - Connection established 192.168.1.3:59856<->54.162.97.227:443
14:06:46.482 [pool-1-thread-4] DEBUG karate.org.apache.http.impl.conn.DefaultHttpClientConnectionOperator - Connection established 192.168.1.3:59855<->54.210.209.120:443
14:06:46.482 [pool-1-thread-3] DEBUG karate.org.apache.http.impl.conn.DefaultHttpClientConnectionOperator - Connection established 192.168.1.3:59857<->54.162.97.227:443
14:06:46.482 [pool-1-thread-4] DEBUG karate.org.apache.http.impl.conn.DefaultManagedHttpClientConnection - http-outgoing-2: set socket timeout to 30000
14:06:46.482 [pool-1-thread-3] DEBUG karate.org.apache.http.impl.conn.DefaultManagedHttpClientConnection - http-outgoing-0: set socket timeout to 30000
14:06:46.482 [pool-1-thread-1] DEBUG karate.org.apache.http.impl.conn.DefaultManagedHttpClientConnection - http-outgoing-3: set socket timeout to 30000
14:06:46.482 [pool-1-thread-4] DEBUG karate.org.apache.http.impl.execchain.MainClientExec - Executing request POST /v4/access_token HTTP/1.1
14:06:46.482 [pool-1-thread-3] DEBUG karate.org.apache.http.impl.execchain.MainClientExec - Executing request POST /uat/gca-investorsignup-api/v1/investor/signup HTTP/1.1
14:06:46.482 [pool-1-thread-4] DEBUG karate.org.apache.http.impl.execchain.MainClientExec - Target auth state: UNCHALLENGED
14:06:46.482 [pool-1-thread-3] DEBUG karate.org.apache.http.impl.execchain.MainClientExec - Target auth state: UNCHALLENGED
14:06:46.482 [pool-1-thread-1] DEBUG karate.org.apache.http.impl.execchain.MainClientExec - Executing request POST /uat/gca-investorsignup-api/v1/investor/signup HTTP/1.1
14:06:46.484 [pool-1-thread-1] DEBUG karate.org.apache.http.impl.execchain.MainClientExec - Target auth state: UNCHALLENGED
14:06:46.508 [pool-1-thread-2] DEBUG karate.org.apache.http.impl.execchain.MainClientExec - Proxy auth state: UNCHALLENGED
14:06:46.508 [pool-1-thread-1] DEBUG karate.org.apache.http.impl.execchain.MainClientExec - Proxy auth state: UNCHALLENGED
14:06:46.508 [pool-1-thread-4] DEBUG karate.org.apache.http.impl.execchain.MainClientExec - Proxy auth state: UNCHALLENGED
14:06:46.508 [pool-1-thread-3] DEBUG karate.org.apache.http.impl.execchain.MainClientExec - Proxy auth state: UNCHALLENGED
14:06:46.513 [pool-1-thread-4] DEBUG karate.org.apache.http.headers - http-outgoing-2 >> POST /v4/access_token HTTP/1.1
14:06:46.513 [pool-1-thread-4] DEBUG karate.org.apache.http.headers - http-outgoing-2 >> Content-Type: application/x-www-form-urlencoded
14:06:46.513 [pool-1-thread-4] DEBUG karate.org.apache.http.headers - http-outgoing-2 >> Content-Length: 226
14:06:46.513 [pool-1-thread-3] DEBUG karate.org.apache.http.headers - http-outgoing-0 >> POST /uat/gca-investorsignup-api/v1/investor/signup HTTP/1.1
14:06:46.513 [pool-1-thread-3] DEBUG karate.org.apache.http.headers - http-outgoing-0 >> client_id: 6fbe28135b1c4e10a0b10dccb21889f3
14:06:46.513 [pool-1-thread-1] DEBUG karate.org.apache.http.headers - http-outgoing-3 >> POST /uat/gca-investorsignup-api/v1/investor/signup HTTP/1.1
14:06:46.514 [pool-1-thread-3] DEBUG karate.org.apache.http.headers - http-outgoing-0 >> client_secret: 7a35C5150CE7404CAeF0492274024ef8
14:06:46.513 [pool-1-thread-2] DEBUG karate.org.apache.http.headers - http-outgoing-1 >> POST /v4/access_token HTTP/1.1
14:06:46.513 [pool-1-thread-4] DEBUG karate.org.apache.http.headers - http-outgoing-2 >> Host: oauth.brightcove.com
14:06:46.514 [pool-1-thread-4] DEBUG karate.org.apache.http.headers - http-outgoing-2 >> Connection: Keep-Alive
14:06:46.515 [pool-1-thread-4] DEBUG karate.org.apache.http.headers - http-outgoing-2 >> User-Agent: Apache-HttpClient/4.5.13 (Java/1.8.0_301)
14:06:46.515 [pool-1-thread-4] DEBUG karate.org.apache.http.headers - http-outgoing-2 >> Accept-Encoding: gzip,deflate
14:06:46.514 [pool-1-thread-1] DEBUG karate.org.apache.http.headers - http-outgoing-3 >> Content-Type: application/json; charset=UTF-8
14:06:46.515 [pool-1-thread-1] DEBUG karate.org.apache.http.headers - http-outgoing-3 >> Content-Length: 316
14:06:46.515 [pool-1-thread-1] DEBUG karate.org.apache.http.headers - http-outgoing-3 >> Host: api-us-aws-uat2.takeda.com
14:06:46.514 [pool-1-thread-2] DEBUG karate.org.apache.http.headers - http-outgoing-1 >> Content-Type: application/x-www-form-urlencoded
14:06:46.515 [pool-1-thread-4] DEBUG karate.org.apache.http.wire - http-outgoing-2 >> "POST /v4/access_token HTTP/1.1[\r][\n]"
14:06:46.514 [pool-1-thread-3] DEBUG karate.org.apache.http.headers - http-outgoing-0 >> Content-Type: application/json; charset=UTF-8
14:06:46.515 [pool-1-thread-4] DEBUG karate.org.apache.http.wire - http-outgoing-2 >> "Content-Type: application/x-www-form-urlencoded[\r][\n]"
14:06:46.515 [pool-1-thread-3] DEBUG karate.org.apache.http.headers - http-outgoing-0 >> Content-Length: 316
14:06:46.515 [pool-1-thread-4] DEBUG karate.org.apache.http.wire - http-outgoing-2 >> "Content-Length: 226[\r][\n]"
14:06:46.515 [pool-1-thread-4] DEBUG karate.org.apache.http.wire - http-outgoing-2 >> "Host: oauth.brightcove.com[\r][\n]"
14:06:46.516 [pool-1-thread-4] DEBUG karate.org.apache.http.wire - http-outgoing-2 >> "Connection: Keep-Alive[\r][\n]"
14:06:46.515 [pool-1-thread-3] DEBUG karate.org.apache.http.headers - http-outgoing-0 >> Host: api-us-aws-uat2.takeda.com
14:06:46.516 [pool-1-thread-4] DEBUG karate.org.apache.http.wire - http-outgoing-2 >> "User-Agent: Apache-HttpClient/4.5.13 (Java/1.8.0_301)[\r][\n]"
14:06:46.516 [pool-1-thread-3] DEBUG karate.org.apache.http.headers - http-outgoing-0 >> Connection: Keep-Alive
14:06:46.516 [pool-1-thread-4] DEBUG karate.org.apache.http.wire - http-outgoing-2 >> "Accept-Encoding: gzip,deflate[\r][\n]"
14:06:46.516 [pool-1-thread-3] DEBUG karate.org.apache.http.headers - http-outgoing-0 >> User-Agent: Apache-HttpClient/4.5.13 (Java/1.8.0_301)
14:06:46.516 [pool-1-thread-4] DEBUG karate.org.apache.http.wire - http-outgoing-2 >> "[\r][\n]"
14:06:46.516 [pool-1-thread-3] DEBUG karate.org.apache.http.headers - http-outgoing-0 >> Accept-Encoding: gzip,deflate
14:06:46.516 [pool-1-thread-3] DEBUG karate.org.apache.http.wire - http-outgoing-0 >> "POST /uat/gca-investorsignup-api/v1/investor/signup HTTP/1.1[\r][\n]"
14:06:46.516 [pool-1-thread-3] DEBUG karate.org.apache.http.wire - http-outgoing-0 >> "client_id: 6fbe28135b1c4e10a0b10dccb21889f3[\r][\n]"
14:06:46.516 [pool-1-thread-3] DEBUG karate.org.apache.http.wire - http-outgoing-0 >> "client_secret: 7a35C5150CE7404CAeF0492274024ef8[\r][\n]"
14:06:46.515 [pool-1-thread-2] DEBUG karate.org.apache.http.headers - http-outgoing-1 >> Content-Length: 226
14:06:46.516 [pool-1-thread-4] DEBUG karate.org.apache.http.wire - http-outgoing-2 >> "client_id=d8a3a7b4-5af1-43fe-ab09-c634dd7f10fd&client_secret=v3O3D7hUf6xShy5ondA9Pf2LKwqVA5Jem2KcBQNh8MZT9gHBZXT_4skoXHIheAF5nDudmNYaODV5soLP9fixRQ&Content-Type=application%2Fx-www-form-urlencoded&grant_type=client_credentials"
14:06:46.516 [pool-1-thread-2] DEBUG karate.org.apache.http.headers - http-outgoing-1 >> Host: oauth.brightcove.com
14:06:46.516 [pool-1-thread-2] DEBUG karate.org.apache.http.headers - http-outgoing-1 >> Connection: Keep-Alive
14:06:46.516 [pool-1-thread-2] DEBUG karate.org.apache.http.headers - http-outgoing-1 >> User-Agent: Apache-HttpClient/4.5.13 (Java/1.8.0_301)
14:06:46.516 [pool-1-thread-2] DEBUG karate.org.apache.http.headers - http-outgoing-1 >> Accept-Encoding: gzip,deflate
14:06:46.516 [pool-1-thread-2] DEBUG karate.org.apache.http.wire - http-outgoing-1 >> "POST /v4/access_token HTTP/1.1[\r][\n]"
14:06:46.516 [pool-1-thread-2] DEBUG karate.org.apache.http.wire - http-outgoing-1 >> "Content-Type: application/x-www-form-urlencoded[\r][\n]"
14:06:46.516 [pool-1-thread-2] DEBUG karate.org.apache.http.wire - http-outgoing-1 >> "Content-Length: 226[\r][\n]"
14:06:46.517 [pool-1-thread-2] DEBUG karate.org.apache.http.wire - http-outgoing-1 >> "Host: oauth.brightcove.com[\r][\n]"
14:06:46.517 [pool-1-thread-2] DEBUG karate.org.apache.http.wire - http-outgoing-1 >> "Connection: Keep-Alive[\r][\n]"
14:06:46.517 [pool-1-thread-2] DEBUG karate.org.apache.http.wire - http-outgoing-1 >> "User-Agent: Apache-HttpClient/4.5.13 (Java/1.8.0_301)[\r][\n]"
14:06:46.517 [pool-1-thread-2] DEBUG karate.org.apache.http.wire - http-outgoing-1 >> "Accept-Encoding: gzip,deflate[\r][\n]"
14:06:46.517 [pool-1-thread-2] DEBUG karate.org.apache.http.wire - http-outgoing-1 >> "[\r][\n]"
14:06:46.517 [pool-1-thread-2] DEBUG karate.org.apache.http.wire - http-outgoing-1 >> "client_id=d8a3a7b4-5af1-43fe-ab09-c634dd7f10fd&client_secret=v3O3D7hUf6xShy5ondA9Pf2LKwqVA5Jem2KcBQNh8MZT9gHBZXT_4skoXHIheAF5nDudmNYaODV5soLP9fixRQ&Content-Type=application%2Fx-www-form-urlencoded&grant_type=client_credentials"
14:06:46.515 [pool-1-thread-1] DEBUG karate.org.apache.http.headers - http-outgoing-3 >> Connection: Keep-Alive
14:06:46.516 [pool-1-thread-3] DEBUG karate.org.apache.http.wire - http-outgoing-0 >> "Content-Type: application/json; charset=UTF-8[\r][\n]"
14:06:46.517 [pool-1-thread-3] DEBUG karate.org.apache.http.wire - http-outgoing-0 >> "Content-Length: 316[\r][\n]"
14:06:46.517 [pool-1-thread-3] DEBUG karate.org.apache.http.wire - http-outgoing-0 >> "Host: api-us-aws-uat2.takeda.com[\r][\n]"
14:06:46.517 [pool-1-thread-3] DEBUG karate.org.apache.http.wire - http-outgoing-0 >> "Connection: Keep-Alive[\r][\n]"
14:06:46.517 [pool-1-thread-3] DEBUG karate.org.apache.http.wire - http-outgoing-0 >> "User-Agent: Apache-HttpClient/4.5.13 (Java/1.8.0_301)[\r][\n]"
14:06:46.517 [pool-1-thread-3] DEBUG karate.org.apache.http.wire - http-outgoing-0 >> "Accept-Encoding: gzip,deflate[\r][\n]"
14:06:46.517 [pool-1-thread-3] DEBUG karate.org.apache.http.wire - http-outgoing-0 >> "[\r][\n]"
14:06:46.517 [pool-1-thread-3] DEBUG karate.org.apache.http.wire - http-outgoing-0 >> "{"id":"e3be2fba15a2452cb28bf1b08bd7","emailAddress":"pratyush.gupta@takeda.com","firstName":"Suzuki","lastName":"Snow","typeRetail":false,"typeInstitutional":false,"typeOther":false,"typeMedia":true,"company":"NetStreet","prefPressRelease":false,"prefQE":false,"prefEvents":false,"prefStories":false,"language":"JP"}"
14:06:46.517 [pool-1-thread-1] DEBUG karate.org.apache.http.headers - http-outgoing-3 >> User-Agent: Apache-HttpClient/4.5.13 (Java/1.8.0_301)
14:06:46.519 [pool-1-thread-1] DEBUG karate.org.apache.http.headers - http-outgoing-3 >> Accept-Encoding: gzip,deflate
14:06:46.519 [pool-1-thread-1] DEBUG karate.org.apache.http.wire - http-outgoing-3 >> "POST /uat/gca-investorsignup-api/v1/investor/signup HTTP/1.1[\r][\n]"
14:06:46.519 [pool-1-thread-1] DEBUG karate.org.apache.http.wire - http-outgoing-3 >> "Content-Type: application/json; charset=UTF-8[\r][\n]"
14:06:46.519 [pool-1-thread-1] DEBUG karate.org.apache.http.wire - http-outgoing-3 >> "Content-Length: 316[\r][\n]"
14:06:46.519 [pool-1-thread-1] DEBUG karate.org.apache.http.wire - http-outgoing-3 >> "Host: api-us-aws-uat2.takeda.com[\r][\n]"
14:06:46.519 [pool-1-thread-1] DEBUG karate.org.apache.http.wire - http-outgoing-3 >> "Connection: Keep-Alive[\r][\n]"
14:06:46.520 [pool-1-thread-1] DEBUG karate.org.apache.http.wire - http-outgoing-3 >> "User-Agent: Apache-HttpClient/4.5.13 (Java/1.8.0_301)[\r][\n]"
14:06:46.520 [pool-1-thread-1] DEBUG karate.org.apache.http.wire - http-outgoing-3 >> "Accept-Encoding: gzip,deflate[\r][\n]"
14:06:46.520 [pool-1-thread-1] DEBUG karate.org.apache.http.wire - http-outgoing-3 >> "[\r][\n]"
14:06:46.520 [pool-1-thread-1] DEBUG karate.org.apache.http.wire - http-outgoing-3 >> "{"id":"e3be2fba15a2452cb28bf1b08bd7","emailAddress":"pratyush.gupta@takeda.com","firstName":"Suzuki","lastName":"Snow","typeRetail":false,"typeInstitutional":false,"typeOther":false,"typeMedia":true,"company":"NetStreet","prefPressRelease":false,"prefQE":false,"prefEvents":false,"prefStories":false,"language":"JP"}"
14:06:46.764 [pool-1-thread-2] DEBUG karate.org.apache.http.wire - http-outgoing-1 << "HTTP/1.1 200 OK[\r][\n]"
14:06:46.764 [pool-1-thread-2] DEBUG karate.org.apache.http.wire - http-outgoing-1 << "access-control-allow-credentials: true[\r][\n]"
14:06:46.764 [pool-1-thread-2] DEBUG karate.org.apache.http.wire - http-outgoing-1 << "access-control-allow-origin: [\r][\n]"
14:06:46.765 [pool-1-thread-2] DEBUG karate.org.apache.http.wire - http-outgoing-1 << "BCOV-REQUEST-ID: b4478dec-df34-4343-9291-f9ff8d5249fe[\r][\n]"
14:06:46.765 [pool-1-thread-2] DEBUG karate.org.apache.http.wire - http-outgoing-1 << "Cache-Control: no-store[\r][\n]"
14:06:46.765 [pool-1-thread-2] DEBUG karate.org.apache.http.wire - http-outgoing-1 << "Content-Type: application/json;charset=UTF-8[\r][\n]"
14:06:46.765 [pool-1-thread-2] DEBUG karate.org.apache.http.wire - http-outgoing-1 << "Date: Mon, 01 Nov 2021 08:36:46 GMT[\r][\n]"
14:06:46.765 [pool-1-thread-2] DEBUG karate.org.apache.http.wire - http-outgoing-1 << "Pragma: no-cache[\r][\n]"
14:06:46.765 [pool-1-thread-2] DEBUG karate.org.apache.http.wire - http-outgoing-1 << "Server: Jetty(7.x.y-SNAPSHOT)[\r][\n]"
14:06:46.765 [pool-1-thread-2] DEBUG karate.org.apache.http.wire - http-outgoing-1 << "Strict-Transport-Security: max-age=7776000; includeSubDomains[\r][\n]"
14:06:46.765 [pool-1-thread-2] DEBUG karate.org.apache.http.wire - http-outgoing-1 << "Content-Length: 604[\r][\n]"
14:06:46.765 [pool-1-thread-2] DEBUG karate.org.apache.http.wire - http-outgoing-1 << "Connection: keep-alive[\r][\n]"
14:06:46.765 [pool-1-thread-2] DEBUG karate.org.apache.http.wire - http-outgoing-1 << "[\r][\n]"
14:06:46.765 [pool-1-thread-2] DEBUG karate.org.apache.http.wire - http-outgoing-1 << "{"access_token":"AEbEPf3_aEdu_FyjS7BUH14nFFoPmFuCpeWqWkJs2oiqI0SgnAv3btszgqC7LEnpws3ea-5qU1p-JGNJZ9sPa8hHHnt6AUyAQG-HgFAjIn9QgY7CBZIQNrIf7TcOYHSCr4MYoFWhWK2e-axOyBjAHj5FymjT0xKirYz6AbTwrD-imSahhq9nVFeHquAibkp5Ku1Wffa2TbXe1YlbNlTIJo1QDsRNLTRBl62Z1YXeMpSAiirHNyRZrWsxuqZq4o9tLHYPMnB-xrUCiBIzrHIpn715kNM0s6MdgtnMIHAJ5XjFt-58NNdyalIpoGSjAmBnziOaegAMXmEbK8kTXy9b-5PGXMMU7sqCq-tOdtvC_IydEbau3VuCMsv0psiESVXsV5OcselzIJoh3yO-JUGMeYMO96Z7VXNaIdvgW_e8Qr8AosZFpUbAB3j8P8OR1y09t2XVYUohBtXBnkmVVOs2ToeFZlYN3dl6Q3tiCZoHFUq9AaUfr_8qDKRGiq1E6GoCUC84vLB2MF1NXL-mNIE-tgGVYlzgktiSIg","token_type":"Bearer","expires_in":300}"
14:06:46.772 [pool-1-thread-2] DEBUG karate.org.apache.http.headers - http-outgoing-1 << HTTP/1.1 200 OK
14:06:46.772 [pool-1-thread-2] DEBUG karate.org.apache.http.headers - http-outgoing-1 << access-control-allow-credentials: true
14:06:46.772 [pool-1-thread-2] DEBUG karate.org.apache.http.headers - http-outgoing-1 << access-control-allow-origin: 
14:06:46.772 [pool-1-thread-2] DEBUG karate.org.apache.http.headers - http-outgoing-1 << BCOV-REQUEST-ID: b4478dec-df34-4343-9291-f9ff8d5249fe
14:06:46.772 [pool-1-thread-2] DEBUG karate.org.apache.http.headers - http-outgoing-1 << Cache-Control: no-store
14:06:46.772 [pool-1-thread-2] DEBUG karate.org.apache.http.headers - http-outgoing-1 << Content-Type: application/json;charset=UTF-8
14:06:46.772 [pool-1-thread-2] DEBUG karate.org.apache.http.headers - http-outgoing-1 << Date: Mon, 01 Nov 2021 08:36:46 GMT
14:06:46.772 [pool-1-thread-2] DEBUG karate.org.apache.http.headers - http-outgoing-1 << Pragma: no-cache
14:06:46.772 [pool-1-thread-2] DEBUG karate.org.apache.http.headers - http-outgoing-1 << Server: Jetty(7.x.y-SNAPSHOT)
14:06:46.772 [pool-1-thread-2] DEBUG karate.org.apache.http.headers - http-outgoing-1 << Strict-Transport-Security: max-age=7776000; includeSubDomains
14:06:46.772 [pool-1-thread-2] DEBUG karate.org.apache.http.headers - http-outgoing-1 << Content-Length: 604
14:06:46.772 [pool-1-thread-2] DEBUG karate.org.apache.http.headers - http-outgoing-1 << Connection: keep-alive
14:06:46.774 [pool-1-thread-1] DEBUG karate.org.apache.http.wire - http-outgoing-3 << "HTTP/1.1 401 Unauthorized[\r][\n]"
14:06:46.774 [pool-1-thread-1] DEBUG karate.org.apache.http.wire - http-outgoing-3 << "Date: Mon, 01 Nov 2021 08:36:46 GMT[\r][\n]"
14:06:46.774 [pool-1-thread-1] DEBUG karate.org.apache.http.wire - http-outgoing-3 << "Content-Type: application/json; charset=UTF-8[\r][\n]"
14:06:46.774 [pool-1-thread-1] DEBUG karate.org.apache.http.wire - http-outgoing-3 << "Content-Length: 44[\r][\n]"
14:06:46.774 [pool-1-thread-1] DEBUG karate.org.apache.http.wire - http-outgoing-3 << "Connection: keep-alive[\r][\n]"
14:06:46.774 [pool-1-thread-1] DEBUG karate.org.apache.http.wire - http-outgoing-3 << "Server: nginx/1.20.1[\r][\n]"
14:06:46.774 [pool-1-thread-1] DEBUG karate.org.apache.http.wire - http-outgoing-3 << "www-authenticate: Client-ID-Enforcement[\r][\n]"
14:06:46.774 [pool-1-thread-1] DEBUG karate.org.apache.http.wire - http-outgoing-3 << "[\r][\n]"
14:06:46.774 [pool-1-thread-1] DEBUG karate.org.apache.http.wire - http-outgoing-3 << "{[\n]"
14:06:46.774 [pool-1-thread-1] DEBUG karate.org.apache.http.wire - http-outgoing-3 << "  "error": "Invalid client id or secret"[\n]"
14:06:46.775 [pool-1-thread-1] DEBUG karate.org.apache.http.wire - http-outgoing-3 << "}"
14:06:46.775 [pool-1-thread-1] DEBUG karate.org.apache.http.headers - http-outgoing-3 << HTTP/1.1 401 Unauthorized
14:06:46.775 [pool-1-thread-1] DEBUG karate.org.apache.http.headers - http-outgoing-3 << Date: Mon, 01 Nov 2021 08:36:46 GMT
14:06:46.775 [pool-1-thread-1] DEBUG karate.org.apache.http.headers - http-outgoing-3 << Content-Type: application/json; charset=UTF-8
14:06:46.775 [pool-1-thread-1] DEBUG karate.org.apache.http.headers - http-outgoing-3 << Content-Length: 44
14:06:46.775 [pool-1-thread-1] DEBUG karate.org.apache.http.headers - http-outgoing-3 << Connection: keep-alive
14:06:46.775 [pool-1-thread-1] DEBUG karate.org.apache.http.headers - http-outgoing-3 << Server: nginx/1.20.1
14:06:46.775 [pool-1-thread-1] DEBUG karate.org.apache.http.headers - http-outgoing-3 << www-authenticate: Client-ID-Enforcement
14:06:46.783 [pool-1-thread-2] DEBUG karate.org.apache.http.impl.execchain.MainClientExec - Connection can be kept alive indefinitely
14:06:46.783 [pool-1-thread-1] DEBUG karate.org.apache.http.impl.execchain.MainClientExec - Connection can be kept alive indefinitely
14:06:46.783 [pool-1-thread-1] DEBUG karate.org.apache.http.impl.auth.HttpAuthenticator - Authentication required
14:06:46.784 [pool-1-thread-1] DEBUG karate.org.apache.http.impl.auth.HttpAuthenticator - api-us-aws-uat2.takeda.com:443 requested authentication
14:06:46.784 [pool-1-thread-1] DEBUG karate.org.apache.http.impl.client.TargetAuthenticationStrategy - Authentication schemes in the order of preference: [Negotiate, Kerberos, NTLM, CredSSP, Digest, Basic]
14:06:46.784 [pool-1-thread-1] DEBUG karate.org.apache.http.impl.client.TargetAuthenticationStrategy - Challenge for Negotiate authentication scheme not available
14:06:46.784 [pool-1-thread-1] DEBUG karate.org.apache.http.impl.client.TargetAuthenticationStrategy - Challenge for Kerberos authentication scheme not available
14:06:46.784 [pool-1-thread-1] DEBUG karate.org.apache.http.impl.client.TargetAuthenticationStrategy - Challenge for NTLM authentication scheme not available
14:06:46.784 [pool-1-thread-1] DEBUG karate.org.apache.http.impl.client.TargetAuthenticationStrategy - Challenge for CredSSP authentication scheme not available
14:06:46.784 [pool-1-thread-1] DEBUG karate.org.apache.http.impl.client.TargetAuthenticationStrategy - Challenge for Digest authentication scheme not available
14:06:46.784 [pool-1-thread-1] DEBUG karate.org.apache.http.impl.client.TargetAuthenticationStrategy - Challenge for Basic authentication scheme not available
14:06:46.791 [pool-1-thread-2] DEBUG karate.org.apache.http.impl.conn.PoolingHttpClientConnectionManager - Connection [id: 1][route: {s}->https://oauth.brightcove.com:443] can be kept alive indefinitely
14:06:46.791 [pool-1-thread-1] DEBUG karate.org.apache.http.impl.conn.PoolingHttpClientConnectionManager - Connection [id: 3][route: {s}->https://api-us-aws-uat2.takeda.com:443] can be kept alive indefinitely
14:06:46.791 [pool-1-thread-2] DEBUG karate.org.apache.http.impl.conn.DefaultManagedHttpClientConnection - http-outgoing-1: set socket timeout to 0
14:06:46.791 [pool-1-thread-1] DEBUG karate.org.apache.http.impl.conn.DefaultManagedHttpClientConnection - http-outgoing-3: set socket timeout to 0
14:06:46.791 [pool-1-thread-1] DEBUG karate.org.apache.http.impl.conn.PoolingHttpClientConnectionManager - Connection released: [id: 3][route: {s}->https://api-us-aws-uat2.takeda.com:443][total available: 1; route allocated: 1 of 5; total allocated: 1 of 10]
14:06:46.791 [pool-1-thread-2] DEBUG karate.org.apache.http.impl.conn.PoolingHttpClientConnectionManager - Connection released: [id: 1][route: {s}->https://oauth.brightcove.com:443][total available: 1; route allocated: 1 of 5; total allocated: 1 of 10]
14:06:46.797 [pool-1-thread-2] DEBUG com.intuit.karate - response time in milliseconds: 1779
1 < 200
1 < access-control-allow-credentials: true
1 < access-control-allow-origin: 
1 < BCOV-REQUEST-ID: b4478dec-df34-4343-9291-f9ff8d5249fe
1 < Cache-Control: no-store
1 < Content-Type: application/json;charset=UTF-8
1 < Date: Mon, 01 Nov 2021 08:36:46 GMT
1 < Pragma: no-cache
1 < Server: Jetty(7.x.y-SNAPSHOT)
1 < Strict-Transport-Security: max-age=7776000; includeSubDomains
1 < Content-Length: 604
1 < Connection: keep-alive
{"access_token":"AEbEPf3_aEdu_FyjS7BUH14nFFoPmFuCpeWqWkJs2oiqI0SgnAv3btszgqC7LEnpws3ea-5qU1p-JGNJZ9sPa8hHHnt6AUyAQG-HgFAjIn9QgY7CBZIQNrIf7TcOYHSCr4MYoFWhWK2e-axOyBjAHj5FymjT0xKirYz6AbTwrD-imSahhq9nVFeHquAibkp5Ku1Wffa2TbXe1YlbNlTIJo1QDsRNLTRBl62Z1YXeMpSAiirHNyRZrWsxuqZq4o9tLHYPMnB-xrUCiBIzrHIpn715kNM0s6MdgtnMIHAJ5XjFt-58NNdyalIpoGSjAmBnziOaegAMXmEbK8kTXy9b-5PGXMMU7sqCq-tOdtvC_IydEbau3VuCMsv0psiESVXsV5OcselzIJoh3yO-JUGMeYMO96Z7VXNaIdvgW_e8Qr8AosZFpUbAB3j8P8OR1y09t2XVYUohBtXBnkmVVOs2ToeFZlYN3dl6Q3tiCZoHFUq9AaUfr_8qDKRGiq1E6GoCUC84vLB2MF1NXL-mNIE-tgGVYlzgktiSIg","token_type":"Bearer","expires_in":300}
14:06:46.797 [pool-1-thread-1] DEBUG com.intuit.karate - response time in milliseconds: 1779
1 < 401
1 < Date: Mon, 01 Nov 2021 08:36:46 GMT
1 < Content-Type: application/json; charset=UTF-8
1 < Content-Length: 44
1 < Connection: keep-alive
1 < Server: nginx/1.20.1
1 < www-authenticate: Client-ID-Enforcement
{
  "error": "Invalid client id or secret"
}
14:06:46.802 [pool-1-thread-1] ERROR com.intuit.karate - classpath:examples/users/test_cases/r_Test_case_01.feature:13
Then status 201
status code was: 401, expected: 201, response time in milliseconds: 1779, url: https://api-us-aws-uat2.takeda.com/uat/gca-investorsignup-api/v1/investor/signup, response: 
{
  "error": "Invalid client id or secret"
}
classpath:examples/users/test_cases/r_Test_case_01.feature:13
14:06:46.914 [pool-1-thread-3] DEBUG karate.org.apache.http.wire - http-outgoing-0 << "HTTP/1.1 201 Created[\r][\n]"
14:06:46.914 [pool-1-thread-3] DEBUG karate.org.apache.http.wire - http-outgoing-0 << "Date: Mon, 01 Nov 2021 08:36:46 GMT[\r][\n]"
14:06:46.914 [pool-1-thread-3] DEBUG karate.org.apache.http.wire - http-outgoing-0 << "Content-Type: application/json; charset=UTF-8[\r][\n]"
14:06:46.914 [pool-1-thread-3] DEBUG karate.org.apache.http.wire - http-outgoing-0 << "Content-Length: 53[\r][\n]"
14:06:46.914 [pool-1-thread-3] DEBUG karate.org.apache.http.wire - http-outgoing-0 << "Connection: keep-alive[\r][\n]"
14:06:46.914 [pool-1-thread-3] DEBUG karate.org.apache.http.wire - http-outgoing-0 << "Server: nginx/1.20.1[\r][\n]"
14:06:46.914 [pool-1-thread-3] DEBUG karate.org.apache.http.wire - http-outgoing-0 << "[\r][\n]"
14:06:46.914 [pool-1-thread-3] DEBUG karate.org.apache.http.wire - http-outgoing-0 << "{[\n]"
14:06:46.914 [pool-1-thread-3] DEBUG karate.org.apache.http.wire - http-outgoing-0 << "  "status": "Request received and is in progress"[\n]"
14:06:46.914 [pool-1-thread-3] DEBUG karate.org.apache.http.wire - http-outgoing-0 << "}"
14:06:46.915 [pool-1-thread-3] DEBUG karate.org.apache.http.headers - http-outgoing-0 << HTTP/1.1 201 Created
14:06:46.915 [pool-1-thread-3] DEBUG karate.org.apache.http.headers - http-outgoing-0 << Date: Mon, 01 Nov 2021 08:36:46 GMT
14:06:46.915 [pool-1-thread-3] DEBUG karate.org.apache.http.headers - http-outgoing-0 << Content-Type: application/json; charset=UTF-8
14:06:46.915 [pool-1-thread-3] DEBUG karate.org.apache.http.headers - http-outgoing-0 << Content-Length: 53
14:06:46.915 [pool-1-thread-3] DEBUG karate.org.apache.http.headers - http-outgoing-0 << Connection: keep-alive
14:06:46.915 [pool-1-thread-3] DEBUG karate.org.apache.http.headers - http-outgoing-0 << Server: nginx/1.20.1
14:06:46.915 [pool-1-thread-3] DEBUG karate.org.apache.http.impl.execchain.MainClientExec - Connection can be kept alive indefinitely
14:06:46.916 [pool-1-thread-3] DEBUG karate.org.apache.http.impl.conn.PoolingHttpClientConnectionManager - Connection [id: 2][route: {s}->https://api-us-aws-uat2.takeda.com:443] can be kept alive indefinitely
14:06:46.916 [pool-1-thread-3] DEBUG karate.org.apache.http.impl.conn.DefaultManagedHttpClientConnection - http-outgoing-0: set socket timeout to 0
14:06:46.916 [pool-1-thread-3] DEBUG karate.org.apache.http.impl.conn.PoolingHttpClientConnectionManager - Connection released: [id: 2][route: {s}->https://api-us-aws-uat2.takeda.com:443][total available: 1; route allocated: 1 of 5; total allocated: 1 of 10]
14:06:46.917 [pool-1-thread-3] DEBUG com.intuit.karate - response time in milliseconds: 1904
1 < 201
1 < Date: Mon, 01 Nov 2021 08:36:46 GMT
1 < Content-Type: application/json; charset=UTF-8
1 < Content-Length: 53
1 < Connection: keep-alive
1 < Server: nginx/1.20.1
{
  "status": "Request received and is in progress"
}
14:06:47.137 [pool-1-thread-4] DEBUG karate.org.apache.http.wire - http-outgoing-2 << "HTTP/1.1 200 OK[\r][\n]"
14:06:47.138 [pool-1-thread-4] DEBUG karate.org.apache.http.wire - http-outgoing-2 << "access-control-allow-credentials: true[\r][\n]"
14:06:47.138 [pool-1-thread-4] DEBUG karate.org.apache.http.wire - http-outgoing-2 << "access-control-allow-origin: [\r][\n]"
14:06:47.138 [pool-1-thread-4] DEBUG karate.org.apache.http.wire - http-outgoing-2 << "BCOV-REQUEST-ID: 3b755bf4-ae1d-47ee-acd1-60dff6c7a849[\r][\n]"
14:06:47.138 [pool-1-thread-4] DEBUG karate.org.apache.http.wire - http-outgoing-2 << "Cache-Control: no-store[\r][\n]"
14:06:47.138 [pool-1-thread-4] DEBUG karate.org.apache.http.wire - http-outgoing-2 << "Content-Type: application/json;charset=UTF-8[\r][\n]"
14:06:47.138 [pool-1-thread-4] DEBUG karate.org.apache.http.wire - http-outgoing-2 << "Date: Mon, 01 Nov 2021 08:36:46 GMT[\r][\n]"
14:06:47.138 [pool-1-thread-4] DEBUG karate.org.apache.http.wire - http-outgoing-2 << "Pragma: no-cache[\r][\n]"
14:06:47.138 [pool-1-thread-4] DEBUG karate.org.apache.http.wire - http-outgoing-2 << "Server: Jetty(7.x.y-SNAPSHOT)[\r][\n]"
14:06:47.138 [pool-1-thread-4] DEBUG karate.org.apache.http.wire - http-outgoing-2 << "Strict-Transport-Security: max-age=7776000; includeSubDomains[\r][\n]"
14:06:47.138 [pool-1-thread-4] DEBUG karate.org.apache.http.wire - http-outgoing-2 << "Content-Length: 604[\r][\n]"
14:06:47.138 [pool-1-thread-4] DEBUG karate.org.apache.http.wire - http-outgoing-2 << "Connection: keep-alive[\r][\n]"
14:06:47.138 [pool-1-thread-4] DEBUG karate.org.apache.http.wire - http-outgoing-2 << "[\r][\n]"
14:06:47.138 [pool-1-thread-4] DEBUG karate.org.apache.http.wire - http-outgoing-2 << "{"access_token":"AEbEPf02G0y226eQ9ruZkBSWUE3hIwb1DVGggY6PRojxKYJKG_WtGUkvBeH2B3uWLZrzjNHwcFVNUTEf08vCg-a5ULIhhPZ5TlQh4WzIsHktra3aoYiZR4jjuA7pQoOSNkDZUE7kNNh4GWktU9ESuBMVAPIP8kW0efJ3dCje3IuMVVqE9aCdwYEjleT3OCN_lbyD2tcXI8DEBYkPXyCPsbmvdhxdBvegX5Fy-1RKz2IP6t332_S_jsZpfHPmm9bWZKrr148lZZ6KK7smvQfx-IMbOZbbS0holiXT6yVcj9mZbe4OkoRNLgnFOVqwUJmS1FZI0jFmi2pp-6e6TqvTS0pxbbSJC7MvysvoBFjnVhlwDV0PaWskzzrPpYNUE_9bwxH9uyoiNvtAkezciiKA1IQvEDpilkBZ5fQdSidnLuFViXfrDrW_l4iLvXd2mNjTIs08S_QKsjmby8FDLsRARE6Dfg25r_Ay_vi6_zHJVAqCE2LnfaBUXC1cqsbEb_1KKusuQZdRIMCji_pRnfOjvG49dRGIHS5uSg","token_type":"Bearer","expires_in":300}"
14:06:47.138 [pool-1-thread-4] DEBUG karate.org.apache.http.headers - http-outgoing-2 << HTTP/1.1 200 OK
14:06:47.138 [pool-1-thread-4] DEBUG karate.org.apache.http.headers - http-outgoing-2 << access-control-allow-credentials: true
14:06:47.138 [pool-1-thread-4] DEBUG karate.org.apache.http.headers - http-outgoing-2 << access-control-allow-origin: 
14:06:47.138 [pool-1-thread-4] DEBUG karate.org.apache.http.headers - http-outgoing-2 << BCOV-REQUEST-ID: 3b755bf4-ae1d-47ee-acd1-60dff6c7a849
14:06:47.138 [pool-1-thread-4] DEBUG karate.org.apache.http.headers - http-outgoing-2 << Cache-Control: no-store
14:06:47.138 [pool-1-thread-4] DEBUG karate.org.apache.http.headers - http-outgoing-2 << Content-Type: application/json;charset=UTF-8
14:06:47.138 [pool-1-thread-4] DEBUG karate.org.apache.http.headers - http-outgoing-2 << Date: Mon, 01 Nov 2021 08:36:46 GMT
14:06:47.138 [pool-1-thread-4] DEBUG karate.org.apache.http.headers - http-outgoing-2 << Pragma: no-cache
14:06:47.138 [pool-1-thread-4] DEBUG karate.org.apache.http.headers - http-outgoing-2 << Server: Jetty(7.x.y-SNAPSHOT)
14:06:47.138 [pool-1-thread-4] DEBUG karate.org.apache.http.headers - http-outgoing-2 << Strict-Transport-Security: max-age=7776000; includeSubDomains
14:06:47.138 [pool-1-thread-4] DEBUG karate.org.apache.http.headers - http-outgoing-2 << Content-Length: 604
14:06:47.138 [pool-1-thread-4] DEBUG karate.org.apache.http.headers - http-outgoing-2 << Connection: keep-alive
14:06:47.139 [pool-1-thread-4] DEBUG karate.org.apache.http.impl.execchain.MainClientExec - Connection can be kept alive indefinitely
14:06:47.139 [pool-1-thread-4] DEBUG karate.org.apache.http.impl.conn.PoolingHttpClientConnectionManager - Connection [id: 0][route: {s}->https://oauth.brightcove.com:443] can be kept alive indefinitely
14:06:47.139 [pool-1-thread-4] DEBUG karate.org.apache.http.impl.conn.DefaultManagedHttpClientConnection - http-outgoing-2: set socket timeout to 0
14:06:47.139 [pool-1-thread-4] DEBUG karate.org.apache.http.impl.conn.PoolingHttpClientConnectionManager - Connection released: [id: 0][route: {s}->https://oauth.brightcove.com:443][total available: 1; route allocated: 1 of 5; total allocated: 1 of 10]
14:06:47.140 [pool-1-thread-4] DEBUG com.intuit.karate - response time in milliseconds: 2127
1 < 200
1 < access-control-allow-credentials: true
1 < access-control-allow-origin: 
1 < BCOV-REQUEST-ID: 3b755bf4-ae1d-47ee-acd1-60dff6c7a849
1 < Cache-Control: no-store
1 < Content-Type: application/json;charset=UTF-8
1 < Date: Mon, 01 Nov 2021 08:36:46 GMT
1 < Pragma: no-cache
1 < Server: Jetty(7.x.y-SNAPSHOT)
1 < Strict-Transport-Security: max-age=7776000; includeSubDomains
1 < Content-Length: 604
1 < Connection: keep-alive
{"access_token":"AEbEPf02G0y226eQ9ruZkBSWUE3hIwb1DVGggY6PRojxKYJKG_WtGUkvBeH2B3uWLZrzjNHwcFVNUTEf08vCg-a5ULIhhPZ5TlQh4WzIsHktra3aoYiZR4jjuA7pQoOSNkDZUE7kNNh4GWktU9ESuBMVAPIP8kW0efJ3dCje3IuMVVqE9aCdwYEjleT3OCN_lbyD2tcXI8DEBYkPXyCPsbmvdhxdBvegX5Fy-1RKz2IP6t332_S_jsZpfHPmm9bWZKrr148lZZ6KK7smvQfx-IMbOZbbS0holiXT6yVcj9mZbe4OkoRNLgnFOVqwUJmS1FZI0jFmi2pp-6e6TqvTS0pxbbSJC7MvysvoBFjnVhlwDV0PaWskzzrPpYNUE_9bwxH9uyoiNvtAkezciiKA1IQvEDpilkBZ5fQdSidnLuFViXfrDrW_l4iLvXd2mNjTIs08S_QKsjmby8FDLsRARE6Dfg25r_Ay_vi6_zHJVAqCE2LnfaBUXC1cqsbEb_1KKusuQZdRIMCji_pRnfOjvG49dRGIHS5uSg","token_type":"Bearer","expires_in":300}
14:06:47.221 [pool-2-thread-1] DEBUG karate.org.thymeleaf.TemplateEngine - [THYMELEAF] INITIALIZING TEMPLATE ENGINE
14:06:47.294 [pool-1-thread-4] DEBUG karate.org.apache.http.client.protocol.RequestAddCookies - CookieSpec selected: karate
14:06:47.294 [pool-1-thread-4] DEBUG karate.org.apache.http.client.protocol.RequestAuthCache - Auth cache not set in the context
14:06:47.296 [pool-1-thread-4] DEBUG com.intuit.karate - request:
2 > GET https://audience.api.brightcove.com/v1/accounts/3871979173001/view_events?limit=50
2 > Authorization: Bearer AEbEPf02G0y226eQ9ruZkBSWUE3hIwb1DVGggY6PRojxKYJKG_WtGUkvBeH2B3uWLZrzjNHwcFVNUTEf08vCg-a5ULIhhPZ5TlQh4WzIsHktra3aoYiZR4jjuA7pQoOSNkDZUE7kNNh4GWktU9ESuBMVAPIP8kW0efJ3dCje3IuMVVqE9aCdwYEjleT3OCN_lbyD2tcXI8DEBYkPXyCPsbmvdhxdBvegX5Fy-1RKz2IP6t332_S_jsZpfHPmm9bWZKrr148lZZ6KK7smvQfx-IMbOZbbS0holiXT6yVcj9mZbe4OkoRNLgnFOVqwUJmS1FZI0jFmi2pp-6e6TqvTS0pxbbSJC7MvysvoBFjnVhlwDV0PaWskzzrPpYNUE_9bwxH9uyoiNvtAkezciiKA1IQvEDpilkBZ5fQdSidnLuFViXfrDrW_l4iLvXd2mNjTIs08S_QKsjmby8FDLsRARE6Dfg25r_Ay_vi6_zHJVAqCE2LnfaBUXC1cqsbEb_1KKusuQZdRIMCji_pRnfOjvG49dRGIHS5uSg
2 > Host: audience.api.brightcove.com
2 > Connection: Keep-Alive
2 > User-Agent: Apache-HttpClient/4.5.13 (Java/1.8.0_301)
2 > Accept-Encoding: gzip,deflate


14:06:47.296 [pool-1-thread-4] DEBUG karate.org.apache.http.impl.conn.PoolingHttpClientConnectionManager - Connection request: [route: {s}->https://audience.api.brightcove.com:443][total available: 0; route allocated: 0 of 5; total allocated: 0 of 10]
14:06:47.297 [pool-1-thread-4] DEBUG karate.org.apache.http.impl.conn.PoolingHttpClientConnectionManager - Connection leased: [id: 4][route: {s}->https://audience.api.brightcove.com:443][total available: 0; route allocated: 1 of 5; total allocated: 1 of 10]
14:06:47.297 [pool-1-thread-4] DEBUG karate.org.apache.http.impl.execchain.MainClientExec - Opening connection {s}->https://audience.api.brightcove.com:443
14:06:47.323 [pool-1-thread-2] DEBUG karate.org.apache.http.client.protocol.RequestAddCookies - CookieSpec selected: karate
14:06:47.323 [pool-1-thread-2] DEBUG karate.org.apache.http.client.protocol.RequestAuthCache - Auth cache not set in the context
14:06:47.324 [pool-1-thread-2] DEBUG com.intuit.karate - request:
2 > GET https://audience.api.brightcove.com/v1/accounts/3871979173001/view_events?limit=50
2 > Authorization: Bearer AEbEPf3_aEdu_FyjS7BUH14nFFoPmFuCpeWqWkJs2oiqI0SgnAv3btszgqC7LEnpws3ea-5qU1p-JGNJZ9sPa8hHHnt6AUyAQG-HgFAjIn9QgY7CBZIQNrIf7TcOYHSCr4MYoFWhWK2e-axOyBjAHj5FymjT0xKirYz6AbTwrD-imSahhq9nVFeHquAibkp5Ku1Wffa2TbXe1YlbNlTIJo1QDsRNLTRBl62Z1YXeMpSAiirHNyRZrWsxuqZq4o9tLHYPMnB-xrUCiBIzrHIpn715kNM0s6MdgtnMIHAJ5XjFt-58NNdyalIpoGSjAmBnziOaegAMXmEbK8kTXy9b-5PGXMMU7sqCq-tOdtvC_IydEbau3VuCMsv0psiESVXsV5OcselzIJoh3yO-JUGMeYMO96Z7VXNaIdvgW_e8Qr8AosZFpUbAB3j8P8OR1y09t2XVYUohBtXBnkmVVOs2ToeFZlYN3dl6Q3tiCZoHFUq9AaUfr_8qDKRGiq1E6GoCUC84vLB2MF1NXL-mNIE-tgGVYlzgktiSIg
2 > Host: audience.api.brightcove.com
2 > Connection: Keep-Alive
2 > User-Agent: Apache-HttpClient/4.5.13 (Java/1.8.0_301)
2 > Accept-Encoding: gzip,deflate


14:06:47.324 [pool-1-thread-2] DEBUG karate.org.apache.http.impl.conn.PoolingHttpClientConnectionManager - Connection request: [route: {s}->https://audience.api.brightcove.com:443][total available: 0; route allocated: 0 of 5; total allocated: 0 of 10]
14:06:47.325 [pool-1-thread-2] DEBUG karate.org.apache.http.impl.conn.PoolingHttpClientConnectionManager - Connection leased: [id: 5][route: {s}->https://audience.api.brightcove.com:443][total available: 0; route allocated: 1 of 5; total allocated: 1 of 10]
14:06:47.325 [pool-1-thread-2] DEBUG karate.org.apache.http.impl.execchain.MainClientExec - Opening connection {s}->https://audience.api.brightcove.com:443
14:06:47.420 [pool-1-thread-2] DEBUG karate.org.apache.http.impl.conn.DefaultHttpClientConnectionOperator - Connecting to audience.api.brightcove.com/34.193.174.23:443
14:06:47.420 [pool-1-thread-4] DEBUG karate.org.apache.http.impl.conn.DefaultHttpClientConnectionOperator - Connecting to audience.api.brightcove.com/34.193.174.23:443
14:06:47.420 [pool-1-thread-2] DEBUG karate.org.apache.http.conn.ssl.SSLConnectionSocketFactory - Connecting socket to audience.api.brightcove.com/34.193.174.23:443 with timeout 30000
14:06:47.420 [pool-1-thread-4] DEBUG karate.org.apache.http.conn.ssl.SSLConnectionSocketFactory - Connecting socket to audience.api.brightcove.com/34.193.174.23:443 with timeout 30000
14:06:47.641 [pool-1-thread-2] DEBUG karate.org.apache.http.conn.ssl.SSLConnectionSocketFactory - Enabled protocols: [TLSv1.2]
14:06:47.642 [pool-1-thread-2] DEBUG karate.org.apache.http.conn.ssl.SSLConnectionSocketFactory - Enabled cipher suites:[TLS_ECDHE_ECDSA_WITH_AES_256_GCM_SHA384, TLS_ECDHE_ECDSA_WITH_AES_128_GCM_SHA256, TLS_ECDHE_RSA_WITH_AES_256_GCM_SHA384, TLS_RSA_WITH_AES_256_GCM_SHA384, TLS_ECDH_ECDSA_WITH_AES_256_GCM_SHA384, TLS_ECDH_RSA_WITH_AES_256_GCM_SHA384, TLS_DHE_RSA_WITH_AES_256_GCM_SHA384, TLS_DHE_DSS_WITH_AES_256_GCM_SHA384, TLS_ECDHE_RSA_WITH_AES_128_GCM_SHA256, TLS_RSA_WITH_AES_128_GCM_SHA256, TLS_ECDH_ECDSA_WITH_AES_128_GCM_SHA256, TLS_ECDH_RSA_WITH_AES_128_GCM_SHA256, TLS_DHE_RSA_WITH_AES_128_GCM_SHA256, TLS_DHE_DSS_WITH_AES_128_GCM_SHA256, TLS_ECDHE_ECDSA_WITH_AES_256_CBC_SHA384, TLS_ECDHE_RSA_WITH_AES_256_CBC_SHA384, TLS_RSA_WITH_AES_256_CBC_SHA256, TLS_ECDH_ECDSA_WITH_AES_256_CBC_SHA384, TLS_ECDH_RSA_WITH_AES_256_CBC_SHA384, TLS_DHE_RSA_WITH_AES_256_CBC_SHA256, TLS_DHE_DSS_WITH_AES_256_CBC_SHA256, TLS_ECDHE_ECDSA_WITH_AES_256_CBC_SHA, TLS_ECDHE_RSA_WITH_AES_256_CBC_SHA, TLS_RSA_WITH_AES_256_CBC_SHA, TLS_ECDH_ECDSA_WITH_AES_256_CBC_SHA, TLS_ECDH_RSA_WITH_AES_256_CBC_SHA, TLS_DHE_RSA_WITH_AES_256_CBC_SHA, TLS_DHE_DSS_WITH_AES_256_CBC_SHA, TLS_ECDHE_ECDSA_WITH_AES_128_CBC_SHA256, TLS_ECDHE_RSA_WITH_AES_128_CBC_SHA256, TLS_RSA_WITH_AES_128_CBC_SHA256, TLS_ECDH_ECDSA_WITH_AES_128_CBC_SHA256, TLS_ECDH_RSA_WITH_AES_128_CBC_SHA256, TLS_DHE_RSA_WITH_AES_128_CBC_SHA256, TLS_DHE_DSS_WITH_AES_128_CBC_SHA256, TLS_ECDHE_ECDSA_WITH_AES_128_CBC_SHA, TLS_ECDHE_RSA_WITH_AES_128_CBC_SHA, TLS_RSA_WITH_AES_128_CBC_SHA, TLS_ECDH_ECDSA_WITH_AES_128_CBC_SHA, TLS_ECDH_RSA_WITH_AES_128_CBC_SHA, TLS_DHE_RSA_WITH_AES_128_CBC_SHA, TLS_DHE_DSS_WITH_AES_128_CBC_SHA, TLS_EMPTY_RENEGOTIATION_INFO_SCSV]
14:06:47.642 [pool-1-thread-2] DEBUG karate.org.apache.http.conn.ssl.SSLConnectionSocketFactory - Starting handshake
14:06:47.648 [pool-1-thread-4] DEBUG karate.org.apache.http.conn.ssl.SSLConnectionSocketFactory - Enabled protocols: [TLSv1.2]
14:06:47.648 [pool-1-thread-4] DEBUG karate.org.apache.http.conn.ssl.SSLConnectionSocketFactory - Enabled cipher suites:[TLS_ECDHE_ECDSA_WITH_AES_256_GCM_SHA384, TLS_ECDHE_ECDSA_WITH_AES_128_GCM_SHA256, TLS_ECDHE_RSA_WITH_AES_256_GCM_SHA384, TLS_RSA_WITH_AES_256_GCM_SHA384, TLS_ECDH_ECDSA_WITH_AES_256_GCM_SHA384, TLS_ECDH_RSA_WITH_AES_256_GCM_SHA384, TLS_DHE_RSA_WITH_AES_256_GCM_SHA384, TLS_DHE_DSS_WITH_AES_256_GCM_SHA384, TLS_ECDHE_RSA_WITH_AES_128_GCM_SHA256, TLS_RSA_WITH_AES_128_GCM_SHA256, TLS_ECDH_ECDSA_WITH_AES_128_GCM_SHA256, TLS_ECDH_RSA_WITH_AES_128_GCM_SHA256, TLS_DHE_RSA_WITH_AES_128_GCM_SHA256, TLS_DHE_DSS_WITH_AES_128_GCM_SHA256, TLS_ECDHE_ECDSA_WITH_AES_256_CBC_SHA384, TLS_ECDHE_RSA_WITH_AES_256_CBC_SHA384, TLS_RSA_WITH_AES_256_CBC_SHA256, TLS_ECDH_ECDSA_WITH_AES_256_CBC_SHA384, TLS_ECDH_RSA_WITH_AES_256_CBC_SHA384, TLS_DHE_RSA_WITH_AES_256_CBC_SHA256, TLS_DHE_DSS_WITH_AES_256_CBC_SHA256, TLS_ECDHE_ECDSA_WITH_AES_256_CBC_SHA, TLS_ECDHE_RSA_WITH_AES_256_CBC_SHA, TLS_RSA_WITH_AES_256_CBC_SHA, TLS_ECDH_ECDSA_WITH_AES_256_CBC_SHA, TLS_ECDH_RSA_WITH_AES_256_CBC_SHA, TLS_DHE_RSA_WITH_AES_256_CBC_SHA, TLS_DHE_DSS_WITH_AES_256_CBC_SHA, TLS_ECDHE_ECDSA_WITH_AES_128_CBC_SHA256, TLS_ECDHE_RSA_WITH_AES_128_CBC_SHA256, TLS_RSA_WITH_AES_128_CBC_SHA256, TLS_ECDH_ECDSA_WITH_AES_128_CBC_SHA256, TLS_ECDH_RSA_WITH_AES_128_CBC_SHA256, TLS_DHE_RSA_WITH_AES_128_CBC_SHA256, TLS_DHE_DSS_WITH_AES_128_CBC_SHA256, TLS_ECDHE_ECDSA_WITH_AES_128_CBC_SHA, TLS_ECDHE_RSA_WITH_AES_128_CBC_SHA, TLS_RSA_WITH_AES_128_CBC_SHA, TLS_ECDH_ECDSA_WITH_AES_128_CBC_SHA, TLS_ECDH_RSA_WITH_AES_128_CBC_SHA, TLS_DHE_RSA_WITH_AES_128_CBC_SHA, TLS_DHE_DSS_WITH_AES_128_CBC_SHA, TLS_EMPTY_RENEGOTIATION_INFO_SCSV]
14:06:47.648 [pool-1-thread-4] DEBUG karate.org.apache.http.conn.ssl.SSLConnectionSocketFactory - Starting handshake
14:06:48.112 [pool-1-thread-2] DEBUG karate.org.apache.http.conn.ssl.SSLConnectionSocketFactory - Secure session established
14:06:48.112 [pool-1-thread-2] DEBUG karate.org.apache.http.conn.ssl.SSLConnectionSocketFactory -  negotiated protocol: TLSv1.2
14:06:48.112 [pool-1-thread-2] DEBUG karate.org.apache.http.conn.ssl.SSLConnectionSocketFactory -  negotiated cipher suite: TLS_ECDHE_RSA_WITH_AES_128_GCM_SHA256
14:06:48.112 [pool-1-thread-2] DEBUG karate.org.apache.http.conn.ssl.SSLConnectionSocketFactory -  peer principal: CN=*.api.brightcove.com
14:06:48.112 [pool-1-thread-2] DEBUG karate.org.apache.http.conn.ssl.SSLConnectionSocketFactory -  peer alternative names: [*.api.brightcove.com, *.api.brightcove.co.jp]
14:06:48.112 [pool-1-thread-2] DEBUG karate.org.apache.http.conn.ssl.SSLConnectionSocketFactory -  issuer principal: CN=Amazon, OU=Server CA 1B, O=Amazon, C=US
14:06:48.113 [pool-1-thread-2] DEBUG karate.org.apache.http.impl.conn.DefaultHttpClientConnectionOperator - Connection established 192.168.1.3:59868<->34.193.174.23:443
14:06:48.113 [pool-1-thread-2] DEBUG karate.org.apache.http.impl.conn.DefaultManagedHttpClientConnection - http-outgoing-5: set socket timeout to 30000
14:06:48.113 [pool-1-thread-2] DEBUG karate.org.apache.http.impl.execchain.MainClientExec - Executing request GET /v1/accounts/3871979173001/view_events?limit=50 HTTP/1.1
14:06:48.113 [pool-1-thread-2] DEBUG karate.org.apache.http.impl.execchain.MainClientExec - Proxy auth state: UNCHALLENGED
14:06:48.113 [pool-1-thread-2] DEBUG karate.org.apache.http.headers - http-outgoing-5 >> GET /v1/accounts/3871979173001/view_events?limit=50 HTTP/1.1
14:06:48.113 [pool-1-thread-2] DEBUG karate.org.apache.http.headers - http-outgoing-5 >> Authorization: Bearer AEbEPf3_aEdu_FyjS7BUH14nFFoPmFuCpeWqWkJs2oiqI0SgnAv3btszgqC7LEnpws3ea-5qU1p-JGNJZ9sPa8hHHnt6AUyAQG-HgFAjIn9QgY7CBZIQNrIf7TcOYHSCr4MYoFWhWK2e-axOyBjAHj5FymjT0xKirYz6AbTwrD-imSahhq9nVFeHquAibkp5Ku1Wffa2TbXe1YlbNlTIJo1QDsRNLTRBl62Z1YXeMpSAiirHNyRZrWsxuqZq4o9tLHYPMnB-xrUCiBIzrHIpn715kNM0s6MdgtnMIHAJ5XjFt-58NNdyalIpoGSjAmBnziOaegAMXmEbK8kTXy9b-5PGXMMU7sqCq-tOdtvC_IydEbau3VuCMsv0psiESVXsV5OcselzIJoh3yO-JUGMeYMO96Z7VXNaIdvgW_e8Qr8AosZFpUbAB3j8P8OR1y09t2XVYUohBtXBnkmVVOs2ToeFZlYN3dl6Q3tiCZoHFUq9AaUfr_8qDKRGiq1E6GoCUC84vLB2MF1NXL-mNIE-tgGVYlzgktiSIg
14:06:48.113 [pool-1-thread-2] DEBUG karate.org.apache.http.headers - http-outgoing-5 >> Host: audience.api.brightcove.com
14:06:48.113 [pool-1-thread-2] DEBUG karate.org.apache.http.headers - http-outgoing-5 >> Connection: Keep-Alive
14:06:48.113 [pool-1-thread-2] DEBUG karate.org.apache.http.headers - http-outgoing-5 >> User-Agent: Apache-HttpClient/4.5.13 (Java/1.8.0_301)
14:06:48.113 [pool-1-thread-2] DEBUG karate.org.apache.http.headers - http-outgoing-5 >> Accept-Encoding: gzip,deflate
14:06:48.114 [pool-1-thread-2] DEBUG karate.org.apache.http.wire - http-outgoing-5 >> "GET /v1/accounts/3871979173001/view_events?limit=50 HTTP/1.1[\r][\n]"
14:06:48.114 [pool-1-thread-2] DEBUG karate.org.apache.http.wire - http-outgoing-5 >> "Authorization: Bearer AEbEPf3_aEdu_FyjS7BUH14nFFoPmFuCpeWqWkJs2oiqI0SgnAv3btszgqC7LEnpws3ea-5qU1p-JGNJZ9sPa8hHHnt6AUyAQG-HgFAjIn9QgY7CBZIQNrIf7TcOYHSCr4MYoFWhWK2e-axOyBjAHj5FymjT0xKirYz6AbTwrD-imSahhq9nVFeHquAibkp5Ku1Wffa2TbXe1YlbNlTIJo1QDsRNLTRBl62Z1YXeMpSAiirHNyRZrWsxuqZq4o9tLHYPMnB-xrUCiBIzrHIpn715kNM0s6MdgtnMIHAJ5XjFt-58NNdyalIpoGSjAmBnziOaegAMXmEbK8kTXy9b-5PGXMMU7sqCq-tOdtvC_IydEbau3VuCMsv0psiESVXsV5OcselzIJoh3yO-JUGMeYMO96Z7VXNaIdvgW_e8Qr8AosZFpUbAB3j8P8OR1y09t2XVYUohBtXBnkmVVOs2ToeFZlYN3dl6Q3tiCZoHFUq9AaUfr_8qDKRGiq1E6GoCUC84vLB2MF1NXL-mNIE-tgGVYlzgktiSIg[\r][\n]"
14:06:48.114 [pool-1-thread-2] DEBUG karate.org.apache.http.wire - http-outgoing-5 >> "Host: audience.api.brightcove.com[\r][\n]"
14:06:48.114 [pool-1-thread-2] DEBUG karate.org.apache.http.wire - http-outgoing-5 >> "Connection: Keep-Alive[\r][\n]"
14:06:48.114 [pool-1-thread-2] DEBUG karate.org.apache.http.wire - http-outgoing-5 >> "User-Agent: Apache-HttpClient/4.5.13 (Java/1.8.0_301)[\r][\n]"
14:06:48.114 [pool-1-thread-2] DEBUG karate.org.apache.http.wire - http-outgoing-5 >> "Accept-Encoding: gzip,deflate[\r][\n]"
14:06:48.114 [pool-1-thread-2] DEBUG karate.org.apache.http.wire - http-outgoing-5 >> "[\r][\n]"
14:06:48.139 [pool-1-thread-4] DEBUG karate.org.apache.http.conn.ssl.SSLConnectionSocketFactory - Secure session established
14:06:48.139 [pool-1-thread-4] DEBUG karate.org.apache.http.conn.ssl.SSLConnectionSocketFactory -  negotiated protocol: TLSv1.2
14:06:48.139 [pool-1-thread-4] DEBUG karate.org.apache.http.conn.ssl.SSLConnectionSocketFactory -  negotiated cipher suite: TLS_ECDHE_RSA_WITH_AES_128_GCM_SHA256
14:06:48.139 [pool-1-thread-4] DEBUG karate.org.apache.http.conn.ssl.SSLConnectionSocketFactory -  peer principal: CN=*.api.brightcove.com
14:06:48.139 [pool-1-thread-4] DEBUG karate.org.apache.http.conn.ssl.SSLConnectionSocketFactory -  peer alternative names: [*.api.brightcove.com, *.api.brightcove.co.jp]
14:06:48.139 [pool-1-thread-4] DEBUG karate.org.apache.http.conn.ssl.SSLConnectionSocketFactory -  issuer principal: CN=Amazon, OU=Server CA 1B, O=Amazon, C=US
14:06:48.140 [pool-1-thread-4] DEBUG karate.org.apache.http.impl.conn.DefaultHttpClientConnectionOperator - Connection established 192.168.1.3:59869<->34.193.174.23:443
14:06:48.140 [pool-1-thread-4] DEBUG karate.org.apache.http.impl.conn.DefaultManagedHttpClientConnection - http-outgoing-4: set socket timeout to 30000
14:06:48.140 [pool-1-thread-4] DEBUG karate.org.apache.http.impl.execchain.MainClientExec - Executing request GET /v1/accounts/3871979173001/view_events?limit=50 HTTP/1.1
14:06:48.140 [pool-1-thread-4] DEBUG karate.org.apache.http.impl.execchain.MainClientExec - Proxy auth state: UNCHALLENGED
14:06:48.140 [pool-1-thread-4] DEBUG karate.org.apache.http.headers - http-outgoing-4 >> GET /v1/accounts/3871979173001/view_events?limit=50 HTTP/1.1
14:06:48.140 [pool-1-thread-4] DEBUG karate.org.apache.http.headers - http-outgoing-4 >> Authorization: Bearer AEbEPf02G0y226eQ9ruZkBSWUE3hIwb1DVGggY6PRojxKYJKG_WtGUkvBeH2B3uWLZrzjNHwcFVNUTEf08vCg-a5ULIhhPZ5TlQh4WzIsHktra3aoYiZR4jjuA7pQoOSNkDZUE7kNNh4GWktU9ESuBMVAPIP8kW0efJ3dCje3IuMVVqE9aCdwYEjleT3OCN_lbyD2tcXI8DEBYkPXyCPsbmvdhxdBvegX5Fy-1RKz2IP6t332_S_jsZpfHPmm9bWZKrr148lZZ6KK7smvQfx-IMbOZbbS0holiXT6yVcj9mZbe4OkoRNLgnFOVqwUJmS1FZI0jFmi2pp-6e6TqvTS0pxbbSJC7MvysvoBFjnVhlwDV0PaWskzzrPpYNUE_9bwxH9uyoiNvtAkezciiKA1IQvEDpilkBZ5fQdSidnLuFViXfrDrW_l4iLvXd2mNjTIs08S_QKsjmby8FDLsRARE6Dfg25r_Ay_vi6_zHJVAqCE2LnfaBUXC1cqsbEb_1KKusuQZdRIMCji_pRnfOjvG49dRGIHS5uSg
14:06:48.140 [pool-1-thread-4] DEBUG karate.org.apache.http.headers - http-outgoing-4 >> Host: audience.api.brightcove.com
14:06:48.140 [pool-1-thread-4] DEBUG karate.org.apache.http.headers - http-outgoing-4 >> Connection: Keep-Alive
14:06:48.140 [pool-1-thread-4] DEBUG karate.org.apache.http.headers - http-outgoing-4 >> User-Agent: Apache-HttpClient/4.5.13 (Java/1.8.0_301)
14:06:48.140 [pool-1-thread-4] DEBUG karate.org.apache.http.headers - http-outgoing-4 >> Accept-Encoding: gzip,deflate
14:06:48.141 [pool-1-thread-4] DEBUG karate.org.apache.http.wire - http-outgoing-4 >> "GET /v1/accounts/3871979173001/view_events?limit=50 HTTP/1.1[\r][\n]"
14:06:48.141 [pool-1-thread-4] DEBUG karate.org.apache.http.wire - http-outgoing-4 >> "Authorization: Bearer AEbEPf02G0y226eQ9ruZkBSWUE3hIwb1DVGggY6PRojxKYJKG_WtGUkvBeH2B3uWLZrzjNHwcFVNUTEf08vCg-a5ULIhhPZ5TlQh4WzIsHktra3aoYiZR4jjuA7pQoOSNkDZUE7kNNh4GWktU9ESuBMVAPIP8kW0efJ3dCje3IuMVVqE9aCdwYEjleT3OCN_lbyD2tcXI8DEBYkPXyCPsbmvdhxdBvegX5Fy-1RKz2IP6t332_S_jsZpfHPmm9bWZKrr148lZZ6KK7smvQfx-IMbOZbbS0holiXT6yVcj9mZbe4OkoRNLgnFOVqwUJmS1FZI0jFmi2pp-6e6TqvTS0pxbbSJC7MvysvoBFjnVhlwDV0PaWskzzrPpYNUE_9bwxH9uyoiNvtAkezciiKA1IQvEDpilkBZ5fQdSidnLuFViXfrDrW_l4iLvXd2mNjTIs08S_QKsjmby8FDLsRARE6Dfg25r_Ay_vi6_zHJVAqCE2LnfaBUXC1cqsbEb_1KKusuQZdRIMCji_pRnfOjvG49dRGIHS5uSg[\r][\n]"
14:06:48.141 [pool-1-thread-4] DEBUG karate.org.apache.http.wire - http-outgoing-4 >> "Host: audience.api.brightcove.com[\r][\n]"
14:06:48.141 [pool-1-thread-4] DEBUG karate.org.apache.http.wire - http-outgoing-4 >> "Connection: Keep-Alive[\r][\n]"
14:06:48.141 [pool-1-thread-4] DEBUG karate.org.apache.http.wire - http-outgoing-4 >> "User-Agent: Apache-HttpClient/4.5.13 (Java/1.8.0_301)[\r][\n]"
14:06:48.141 [pool-1-thread-4] DEBUG karate.org.apache.http.wire - http-outgoing-4 >> "Accept-Encoding: gzip,deflate[\r][\n]"
14:06:48.141 [pool-1-thread-4] DEBUG karate.org.apache.http.wire - http-outgoing-4 >> "[\r][\n]"
14:06:48.231 [pool-2-thread-1] DEBUG karate.org.thymeleaf.TemplateEngine.CONFIG - Initializing Thymeleaf Template engine configuration...
[THYMELEAF] TEMPLATE ENGINE CONFIGURATION:
[THYMELEAF] * Thymeleaf version: 3.0.12.RELEASE (built 2020-12-21T00:26:28+0000)
[THYMELEAF] * Cache Manager implementation: karate.org.thymeleaf.cache.StandardCacheManager
[THYMELEAF] * Template resolvers:
[THYMELEAF]     * [1] com.intuit.karate.template.ResourceHtmlTemplateResolver
[THYMELEAF] * Message resolvers:
[THYMELEAF]     * karate.org.thymeleaf.messageresolver.StandardMessageResolver
[THYMELEAF] * Link builders:
[THYMELEAF]     * karate.org.thymeleaf.linkbuilder.StandardLinkBuilder
[THYMELEAF] * Dialect [1 of 2]: Standard (com.intuit.karate.template.KarateStandardDialect)
[THYMELEAF]     * Prefix: "th"
[THYMELEAF]     * Processors for Template Mode: HTML
[THYMELEAF]         * Element Tag Processors by [matching element and attribute name] [precedence]:
[THYMELEAF]             * [* {th:include,data-th-include}] [100]: karate.org.thymeleaf.standard.processor.StandardIncludeTagProcessor
[THYMELEAF]             * [* {th:insert,data-th-insert}] [100]: karate.org.thymeleaf.standard.processor.StandardInsertTagProcessor
[THYMELEAF]             * [* {th:replace,data-th-replace}] [100]: karate.org.thymeleaf.standard.processor.StandardReplaceTagProcessor
[THYMELEAF]             * [* {th:substituteby,data-th-substituteby}] [100]: karate.org.thymeleaf.standard.processor.StandardSubstituteByTagProcessor
[THYMELEAF]             * [* {th:each,data-th-each}] [200]: com.intuit.karate.template.KarateEachTagProcessor
[THYMELEAF]             * [* {th:switch,data-th-switch}] [250]: karate.org.thymeleaf.standard.processor.StandardSwitchTagProcessor
[THYMELEAF]             * [* {th:case,data-th-case}] [275]: karate.org.thymeleaf.standard.processor.StandardCaseTagProcessor
[THYMELEAF]             * [* {th:if,data-th-if}] [300]: karate.org.thymeleaf.standard.processor.StandardIfTagProcessor
[THYMELEAF]             * [* {th:unless,data-th-unless}] [400]: karate.org.thymeleaf.standard.processor.StandardUnlessTagProcessor
[THYMELEAF]             * [* {th:object,data-th-object}] [500]: karate.org.thymeleaf.standard.processor.StandardObjectTagProcessor
[THYMELEAF]             * [* {th:with,data-th-with}] [600]: com.intuit.karate.template.KarateWithTagProcessor
[THYMELEAF]             * [* {th:attr,data-th-attr}] [700]: com.intuit.karate.template.KarateAttributeTagProcessor.KarateAttrTagProcessor
[THYMELEAF]             * [* {th:attrappend,data-th-attrappend}] [900]: com.intuit.karate.template.KarateAttributeTagProcessor.KarateAttrappendTagProcessor
[THYMELEAF]             * [* {th:attrprepend,data-th-attrprepend}] [900]: com.intuit.karate.template.KarateAttributeTagProcessor.KarateAttrprependTagProcessor
[THYMELEAF]             * [* {th:alt-title,data-th-alt-title}] [990]: karate.org.thymeleaf.standard.processor.StandardAltTitleTagProcessor
[THYMELEAF]             * [* {th:lang-xmllang,data-th-lang-xmllang}] [990]: karate.org.thymeleaf.standard.processor.StandardLangXmlLangTagProcessor
[THYMELEAF]             * [* {th:action,data-th-action}] [1000]: karate.org.thymeleaf.standard.processor.StandardActionTagProcessor
[THYMELEAF]             * [* {th:open,data-th-open}] [1000]: karate.org.thymeleaf.standard.processor.StandardConditionalFixedValueTagProcessor
[THYMELEAF]             * [* {th:selected,data-th-selected}] [1000]: karate.org.thymeleaf.standard.processor.StandardConditionalFixedValueTagProcessor
[THYMELEAF]             * [* {th:novalidate,data-th-novalidate}] [1000]: karate.org.thymeleaf.standard.processor.StandardConditionalFixedValueTagProcessor
[THYMELEAF]             * [* {th:nowrap,data-th-nowrap}] [1000]: karate.org.thymeleaf.standard.processor.StandardConditionalFixedValueTagProcessor
[THYMELEAF]             * [* {th:controls,data-th-controls}] [1000]: karate.org.thymeleaf.standard.processor.StandardConditionalFixedValueTagProcessor
[THYMELEAF]             * [* {th:ismap,data-th-ismap}] [1000]: karate.org.thymeleaf.standard.processor.StandardConditionalFixedValueTagProcessor
[...]
14:06:54.648 [main] DEBUG org.apache.velocity.macro - added VM includeLead: source=org.apache.velocity.Template@53dfacba
14:06:54.648 [main] DEBUG org.apache.velocity.loader - ResourceManager: found /templates/macros/page/lead.vm with loader org.apache.velocity.runtime.resource.loader.ClasspathResourceLoader
14:06:54.649 [main] DEBUG org.apache.velocity.macro - added VM includeNavigation: source=org.apache.velocity.Template@aced190
14:06:54.649 [main] DEBUG org.apache.velocity.loader - ResourceManager: found /templates/macros/page/navigation.vm with loader org.apache.velocity.runtime.resource.loader.ClasspathResourceLoader
14:06:54.651 [main] DEBUG org.apache.velocity.macro - added VM includeReportInfo: source=org.apache.velocity.Template@1e63d216
14:06:54.651 [main] DEBUG org.apache.velocity.loader - ResourceManager: found /templates/macros/page/reportInfo.vm with loader org.apache.velocity.runtime.resource.loader.ClasspathResourceLoader
14:06:54.655 [main] DEBUG org.apache.velocity.macro - added VM includeTitle: source=org.apache.velocity.Template@2d195ee4
14:06:54.656 [main] DEBUG org.apache.velocity.loader - ResourceManager: found /templates/macros/page/title.vm with loader org.apache.velocity.runtime.resource.loader.ClasspathResourceLoader
14:06:54.657 [main] DEBUG org.apache.velocity.macro - added VM includeExpandingButtons: source=org.apache.velocity.Template@29314cc9
14:06:54.657 [main] DEBUG org.apache.velocity.loader - ResourceManager: found /templates/macros/report/expandAllButtons.vm with loader org.apache.velocity.runtime.resource.loader.ClasspathResourceLoader
14:06:54.661 [main] DEBUG org.apache.velocity.macro - added VM includeReportTable: source=org.apache.velocity.Template@48ea2003
14:06:54.661 [main] DEBUG org.apache.velocity.loader - ResourceManager: found /templates/macros/report/reportTable.vm with loader org.apache.velocity.runtime.resource.loader.ClasspathResourceLoader
14:06:54.664 [main] DEBUG org.apache.velocity.macro - added VM includeReportHeader: source=org.apache.velocity.Template@13a37e2a
14:06:54.664 [main] DEBUG org.apache.velocity.loader - ResourceManager: found /templates/macros/report/reportHeader.vm with loader org.apache.velocity.runtime.resource.loader.ClasspathResourceLoader
14:06:54.667 [main] DEBUG org.apache.velocity.macro - added VM includeStatsTable: source=org.apache.velocity.Template@5e840abf
14:06:54.667 [main] DEBUG org.apache.velocity.loader - ResourceManager: found /templates/macros/report/statsTable.vm with loader org.apache.velocity.runtime.resource.loader.ClasspathResourceLoader
14:06:54.669 [main] DEBUG org.apache.velocity.macro - added VM includeBrief: source=org.apache.velocity.Template@4fcc0416
14:06:54.669 [main] DEBUG org.apache.velocity.loader - ResourceManager: found /templates/macros/json/brief.vm with loader org.apache.velocity.runtime.resource.loader.ClasspathResourceLoader
14:06:54.672 [main] DEBUG org.apache.velocity.macro - added VM includeDocString: source=org.apache.velocity.Template@5b5c0057
14:06:54.672 [main] DEBUG org.apache.velocity.loader - ResourceManager: found /templates/macros/json/docstring.vm with loader org.apache.velocity.runtime.resource.loader.ClasspathResourceLoader
14:06:54.674 [main] DEBUG org.apache.velocity.macro - added VM includeDuration: source=org.apache.velocity.Template@551de37d
14:06:54.675 [main] DEBUG org.apache.velocity.loader - ResourceManager: found /templates/macros/json/duration.vm with loader org.apache.velocity.runtime.resource.loader.ClasspathResourceLoader
14:06:54.677 [main] DEBUG org.apache.velocity.macro - added VM includeElement: source=org.apache.velocity.Template@33abde31
14:06:54.677 [main] DEBUG org.apache.velocity.loader - ResourceManager: found /templates/macros/json/element.vm with loader org.apache.velocity.runtime.resource.loader.ClasspathResourceLoader
14:06:54.681 [main] DEBUG org.apache.velocity.macro - added VM includeEmbeddings: source=org.apache.velocity.Template@6a969fb8
14:06:54.681 [main] DEBUG org.apache.velocity.macro - added VM includeHtmlEmbedding: source=org.apache.velocity.Template@6a969fb8
14:06:54.682 [main] DEBUG org.apache.velocity.macro - added VM includeVideoEmbedding: source=org.apache.velocity.Template@6a969fb8
14:06:54.682 [main] DEBUG org.apache.velocity.macro - added VM includeImageEmbedding: source=org.apache.velocity.Template@6a969fb8
14:06:54.682 [main] DEBUG org.apache.velocity.macro - added VM includeImageReferenceEmbedding: source=org.apache.velocity.Template@6a969fb8
14:06:54.682 [main] DEBUG org.apache.velocity.macro - added VM includeTextEmbedding: source=org.apache.velocity.Template@6a969fb8
14:06:54.682 [main] DEBUG org.apache.velocity.macro - added VM includeUnknownEmbedding: source=org.apache.velocity.Template@6a969fb8
14:06:54.682 [main] DEBUG org.apache.velocity.loader - ResourceManager: found /templates/macros/json/embeddings.vm with loader org.apache.velocity.runtime.resource.loader.ClasspathResourceLoader
14:06:54.684 [main] DEBUG org.apache.velocity.macro - added VM includeHooks: source=org.apache.velocity.Template@5560bcdf
14:06:54.684 [main] DEBUG org.apache.velocity.loader - ResourceManager: found /templates/macros/json/hooks.vm with loader org.apache.velocity.runtime.resource.loader.ClasspathResourceLoader
14:06:54.686 [main] DEBUG org.apache.velocity.macro - added VM includeOutput: source=org.apache.velocity.Template@777c350f
14:06:54.686 [main] DEBUG org.apache.velocity.loader - ResourceManager: found /templates/macros/json/output.vm with loader org.apache.velocity.runtime.resource.loader.ClasspathResourceLoader
14:06:54.689 [main] DEBUG org.apache.velocity.macro - added VM includeMessage: source=org.apache.velocity.Template@5d1e09bc
14:06:54.689 [main] DEBUG org.apache.velocity.loader - ResourceManager: found /templates/macros/json/message.vm with loader org.apache.velocity.runtime.resource.loader.ClasspathResourceLoader
14:06:54.692 [main] DEBUG org.apache.velocity.macro - added VM includeSteps: source=org.apache.velocity.Template@5f14a673
14:06:54.692 [main] DEBUG org.apache.velocity.loader - ResourceManager: found /templates/macros/json/steps.vm with loader org.apache.velocity.runtime.resource.loader.ClasspathResourceLoader
14:06:54.701 [main] DEBUG org.apache.velocity.macro - added VM includeStepName: source=org.apache.velocity.Template@c4c0b41
14:06:54.701 [main] DEBUG org.apache.velocity.loader - ResourceManager: found /templates/macros/json/stepName.vm with loader org.apache.velocity.runtime.resource.loader.ClasspathResourceLoader
14:06:54.704 [main] DEBUG org.apache.velocity.macro - added VM includeTags: source=org.apache.velocity.Template@160396db
14:06:54.704 [main] DEBUG org.apache.velocity.loader - ResourceManager: found /templates/macros/json/tags.vm with loader org.apache.velocity.runtime.resource.loader.ClasspathResourceLoader
14:06:54.720 [main] DEBUG org.apache.velocity.loader - ResourceManager: found /templates/footer.vm with loader org.apache.velocity.runtime.resource.loader.ClasspathResourceLoader
14:06:54.722 [main] DEBUG org.apache.velocity - Initializing Velocity, Calling init()...
14:06:54.722 [main] DEBUG org.apache.velocity - Starting Apache Velocity v2.3
14:06:54.723 [main] DEBUG org.apache.velocity - Default Properties resource: org/apache/velocity/runtime/defaults/velocity.properties
14:06:54.724 [main] DEBUG org.apache.velocity - ResourceLoader instantiated: org.apache.velocity.runtime.resource.loader.ClasspathResourceLoader
14:06:54.724 [main] DEBUG org.apache.velocity - initialized (class org.apache.velocity.runtime.resource.ResourceCacheImpl) with class java.util.Collections$SynchronizedMap cache map.
14:06:54.725 [main] DEBUG org.apache.velocity - Loaded System Directive: org.apache.velocity.runtime.directive.Stop
14:06:54.725 [main] DEBUG org.apache.velocity - Loaded System Directive: org.apache.velocity.runtime.directive.Define
14:06:54.725 [main] DEBUG org.apache.velocity - Loaded System Directive: org.apache.velocity.runtime.directive.Break
14:06:54.725 [main] DEBUG org.apache.velocity - Loaded System Directive: org.apache.velocity.runtime.directive.Evaluate
14:06:54.725 [main] DEBUG org.apache.velocity - Loaded System Directive: org.apache.velocity.runtime.directive.Macro
14:06:54.725 [main] DEBUG org.apache.velocity - Loaded System Directive: org.apache.velocity.runtime.directive.Parse
14:06:54.725 [main] DEBUG org.apache.velocity - Loaded System Directive: org.apache.velocity.runtime.directive.Include
14:06:54.725 [main] DEBUG org.apache.velocity - Loaded System Directive: org.apache.velocity.runtime.directive.Foreach
14:06:54.726 [main] DEBUG org.apache.velocity.parser - Created '20' parsers.
14:06:54.727 [main] DEBUG org.apache.velocity.macro - "velocimacro.library.path" is not set. Trying default library: velocimacros.vtl
14:06:54.728 [main] DEBUG org.apache.velocity.loader.class - Could not load resource 'velocimacros.vtl' from ResourceLoader org.apache.velocity.runtime.resource.loader.ClasspathResourceLoader
14:06:54.728 [main] DEBUG org.apache.velocity.macro - Default library velocimacros.vtl not found. Trying old default library: VM_global_library.vm
14:06:54.728 [main] DEBUG org.apache.velocity.loader.class - Could not load resource 'VM_global_library.vm' from ResourceLoader org.apache.velocity.runtime.resource.loader.ClasspathResourceLoader
14:06:54.728 [main] DEBUG org.apache.velocity.macro - Old default library VM_global_library.vm not found.
14:06:54.728 [main] DEBUG org.apache.velocity.macro - allowInline = true: VMs can be defined inline in templates
14:06:54.728 [main] DEBUG org.apache.velocity.macro - allowInlineToOverride = false: VMs defined inline may NOT replace previous VM definitions
14:06:54.728 [main] DEBUG org.apache.velocity.macro - allowInlineLocal = false: VMs defined inline will be global in scope if allowed.
14:06:54.728 [main] DEBUG org.apache.velocity.macro - autoload off: VM system will not automatically reload global library macros
14:06:54.731 [main] DEBUG org.apache.velocity.loader - ResourceManager: found templates/generators/overviewFailures.vm with loader org.apache.velocity.runtime.resource.loader.ClasspathResourceLoader
14:06:54.738 [main] DEBUG org.apache.velocity.loader - ResourceManager: found /templates/headers.vm with loader org.apache.velocity.runtime.resource.loader.ClasspathResourceLoader
14:06:54.740 [main] DEBUG org.apache.velocity.loader - ResourceManager: found /templates/head.vm with loader org.apache.velocity.runtime.resource.loader.ClasspathResourceLoader
14:06:54.741 [main] DEBUG org.apache.velocity.macro - added VM stringArray: source=org.apache.velocity.Template@231baf51
14:06:54.744 [main] DEBUG org.apache.velocity.macro - added VM numberArray: source=org.apache.velocity.Template@231baf51
14:06:54.744 [main] DEBUG org.apache.velocity.loader - ResourceManager: found /templates/macros/array.js.vm with loader org.apache.velocity.runtime.resource.loader.ClasspathResourceLoader
14:06:54.746 [main] DEBUG org.apache.velocity.macro - added VM includeBuildInfo: source=org.apache.velocity.Template@7b208b45
14:06:54.747 [main] DEBUG org.apache.velocity.loader - ResourceManager: found /templates/macros/page/buildinfo.vm with loader org.apache.velocity.runtime.resource.loader.ClasspathResourceLoader
14:06:54.748 [main] DEBUG org.apache.velocity.macro - added VM includeClassifications: source=org.apache.velocity.Template@7cedfa63
14:06:54.748 [main] DEBUG org.apache.velocity.loader - ResourceManager: found /templates/macros/page/classifications.vm with loader org.apache.velocity.runtime.resource.loader.ClasspathResourceLoader
14:06:54.750 [main] DEBUG org.apache.velocity.macro - added VM includeLead: source=org.apache.velocity.Template@5d235104
14:06:54.750 [main] DEBUG org.apache.velocity.loader - ResourceManager: found /templates/macros/page/lead.vm with loader org.apache.velocity.runtime.resource.loader.ClasspathResourceLoader
14:06:54.751 [main] DEBUG org.apache.velocity.macro - added VM includeNavigation: source=org.apache.velocity.Template@3af356f
14:06:54.752 [main] DEBUG org.apache.velocity.loader - ResourceManager: found /templates/macros/page/navigation.vm with loader org.apache.velocity.runtime.resource.loader.ClasspathResourceLoader
14:06:54.756 [main] DEBUG org.apache.velocity.macro - added VM includeReportInfo: source=org.apache.velocity.Template@51751e5f
14:06:54.756 [main] DEBUG org.apache.velocity.loader - ResourceManager: found /templates/macros/page/reportInfo.vm with loader org.apache.velocity.runtime.resource.loader.ClasspathResourceLoader
14:06:54.759 [main] DEBUG org.apache.velocity.macro - added VM includeTitle: source=org.apache.velocity.Template@38548b19
14:06:54.759 [main] DEBUG org.apache.velocity.loader - ResourceManager: found /templates/macros/page/title.vm with loader org.apache.velocity.runtime.resource.loader.ClasspathResourceLoader
14:06:54.760 [main] DEBUG org.apache.velocity.macro - added VM includeExpandingButtons: source=org.apache.velocity.Template@75b3673
14:06:54.760 [main] DEBUG org.apache.velocity.loader - ResourceManager: found /templates/macros/report/expandAllButtons.vm with loader org.apache.velocity.runtime.resource.loader.ClasspathResourceLoader
14:06:54.762 [main] DEBUG org.apache.velocity.macro - added VM includeReportTable: source=org.apache.velocity.Template@6fca2a8f
14:06:54.762 [main] DEBUG org.apache.velocity.loader - ResourceManager: found /templates/macros/report/reportTable.vm with loader org.apache.velocity.runtime.resource.loader.ClasspathResourceLoader
14:06:54.764 [main] DEBUG org.apache.velocity.macro - added VM includeReportHeader: source=org.apache.velocity.Template@2cfbeac4
14:06:54.785 [main] DEBUG org.apache.velocity.loader - ResourceManager: found /templates/macros/report/reportHeader.vm with loader org.apache.velocity.runtime.resource.loader.ClasspathResourceLoader
14:06:54.795 [main] DEBUG org.apache.velocity.macro - added VM includeStatsTable: source=org.apache.velocity.Template@79a1728c
14:06:54.795 [main] DEBUG org.apache.velocity.loader - ResourceManager: found /templates/macros/report/statsTable.vm with loader org.apache.velocity.runtime.resource.loader.ClasspathResourceLoader
14:06:54.797 [main] DEBUG org.apache.velocity.macro - added VM includeBrief: source=org.apache.velocity.Template@42c2f48c
14:06:54.797 [main] DEBUG org.apache.velocity.loader - ResourceManager: found /templates/macros/json/brief.vm with loader org.apache.velocity.runtime.resource.loader.ClasspathResourceLoader
14:06:54.798 [main] DEBUG org.apache.velocity.macro - added VM includeDocString: source=org.apache.velocity.Template@198ef2ce
14:06:54.798 [main] DEBUG org.apache.velocity.loader - ResourceManager: found /templates/macros/json/docstring.vm with loader org.apache.velocity.runtime.resource.loader.ClasspathResourceLoader
14:06:54.800 [main] DEBUG org.apache.velocity.macro - added VM includeDuration: source=org.apache.velocity.Template@7a639ec5
14:06:54.800 [main] DEBUG org.apache.velocity.loader - ResourceManager: found /templates/macros/json/duration.vm with loader org.apache.velocity.runtime.resource.loader.ClasspathResourceLoader
14:06:54.802 [main] DEBUG org.apache.velocity.macro - added VM includeElement: source=org.apache.velocity.Template@2a49fe
14:06:54.802 [main] DEBUG org.apache.velocity.loader - ResourceManager: found /templates/macros/json/element.vm with loader org.apache.velocity.runtime.resource.loader.ClasspathResourceLoader
14:06:54.821 [main] DEBUG org.apache.velocity.macro - added VM includeEmbeddings: source=org.apache.velocity.Template@982bb90
14:06:54.821 [main] DEBUG org.apache.velocity.macro - added VM includeHtmlEmbedding: source=org.apache.velocity.Template@982bb90
14:06:54.821 [main] DEBUG org.apache.velocity.macro - added VM includeVideoEmbedding: source=org.apache.velocity.Template@982bb90
14:06:54.821 [main] DEBUG org.apache.velocity.macro - added VM includeImageEmbedding: source=org.apache.velocity.Template@982bb90
14:06:54.821 [main] DEBUG org.apache.velocity.macro - added VM includeImageReferenceEmbedding: source=org.apache.velocity.Template@982bb90
14:06:54.822 [main] DEBUG org.apache.velocity.macro - added VM includeTextEmbedding: source=org.apache.velocity.Template@982bb90
14:06:54.822 [main] DEBUG org.apache.velocity.macro - added VM includeUnknownEmbedding: source=org.apache.velocity.Template@982bb90
14:06:54.822 [main] DEBUG org.apache.velocity.loader - ResourceManager: found /templates/macros/json/embeddings.vm with loader org.apache.velocity.runtime.resource.loader.ClasspathResourceLoader
14:06:54.824 [main] DEBUG org.apache.velocity.macro - added VM includeHooks: source=org.apache.velocity.Template@4bb8855f
14:06:54.824 [main] DEBUG org.apache.velocity.loader - ResourceManager: found /templates/macros/json/hooks.vm with loader org.apache.velocity.runtime.resource.loader.ClasspathResourceLoader
14:06:54.826 [main] DEBUG org.apache.velocity.macro - added VM includeOutput: source=org.apache.velocity.Template@4bee18dc
14:06:54.826 [main] DEBUG org.apache.velocity.loader - ResourceManager: found /templates/macros/json/output.vm with loader org.apache.velocity.runtime.resource.loader.ClasspathResourceLoader
14:06:54.828 [main] DEBUG org.apache.velocity.macro - added VM includeMessage: source=org.apache.velocity.Template@417d6615
14:06:54.828 [main] DEBUG org.apache.velocity.loader - ResourceManager: found /templates/macros/json/message.vm with loader org.apache.velocity.runtime.resource.loader.ClasspathResourceLoader
14:06:54.830 [main] DEBUG org.apache.velocity.macro - added VM includeSteps: source=org.apache.velocity.Template@489543a6
14:06:54.830 [main] DEBUG org.apache.velocity.loader - ResourceManager: found /templates/macros/json/steps.vm with loader org.apache.velocity.runtime.resource.loader.ClasspathResourceLoader
14:06:54.832 [main] DEBUG org.apache.velocity.macro - added VM includeStepName: source=org.apache.velocity.Template@5ee34b1b
14:06:54.832 [main] DEBUG org.apache.velocity.loader - ResourceManager: found /templates/macros/json/stepName.vm with loader org.apache.velocity.runtime.resource.loader.ClasspathResourceLoader
14:06:54.834 [main] DEBUG org.apache.velocity.macro - added VM includeTags: source=org.apache.velocity.Template@3df978b9
14:06:54.834 [main] DEBUG org.apache.velocity.loader - ResourceManager: found /templates/macros/json/tags.vm with loader org.apache.velocity.runtime.resource.loader.ClasspathResourceLoader
14:06:54.836 [main] DEBUG org.apache.velocity.macro - VM #includeBrief: too few arguments to macro. Wanted 5 got 4
14:06:54.837 [main] DEBUG org.apache.velocity.macro - VM #includeBrief: too few arguments to macro. Wanted 5 got 4
14:06:54.850 [main] DEBUG org.apache.velocity.loader - ResourceManager: found /templates/footer.vm with loader org.apache.velocity.runtime.resource.loader.ClasspathResourceLoader
]]></system-out>
    <system-err><![CDATA[Nov 01, 2021 2:06:51 PM net.masterthought.cucumber.ReportParser parseJsonFiles
INFO: File 'C:\Users\tushar.khushal.lakhe\IdeaProjects\Test_project\target\karate-reports\examples.users.test_cases.r_Test_case_01.json' contains 1 features
Nov 01, 2021 2:06:51 PM net.masterthought.cucumber.ReportParser parseJsonFiles
INFO: File 'C:\Users\tushar.khushal.lakhe\IdeaProjects\Test_project\target\karate-reports\examples.users.test_cases.r_Test_case_02.json' contains 1 features
Nov 01, 2021 2:06:51 PM net.masterthought.cucumber.ReportParser parseJsonFiles
INFO: File 'C:\Users\tushar.khushal.lakhe\IdeaProjects\Test_project\target\karate-reports\examples.users.test_cases.r_Test_case_03.json' contains 1 features
Nov 01, 2021 2:06:51 PM net.masterthought.cucumber.ReportParser parseJsonFiles
INFO: File 'C:\Users\tushar.khushal.lakhe\IdeaProjects\Test_project\target\karate-reports\examples.users.test_cases.r_Test_case_04.json' contains 1 features
]]></system-err>
  </testcase>
</testsuite>